Mon Apr 29 11:00:22 EDT 2024
c0706a-s18.ufhpc
/orange/pinaki.sarder/ahmed.naglah/projects/TBM_Segmentation
621
[12 10 -1 -1]
[30 28 -1 -1]
[ 8  5  7 -1]
[13 10 12 -1]
[51 39 41 -1]
[-1 48 50 40]
[59 53 55 -1]
[82 79 81 -1]
[91 86 88 -1]
[99 97 -1 -1]
[140  99 101  -1]
[109 106 108 100]
[147 145  -1  -1]
[168 164 166  -1]
[ 8  6 -1 -1]
[71 69 -1 -1]
[77 74 76 -1]
[81 79 -1 -1]
[84 81 83 -1]
[109 107  -1  -1]
[119 116 118  -1]
[134 132  -1  -1]
[138 136  -1  -1]
[159 157  -1  -1]
[166 162 164  -1]
[172 170  -1  -1]
[176 174  -1  -1]
[11  6  8 -1]
[28 20 22 -1]
[32 28 30 -1]
[49 46 48 -1]
[57 54 56 -1]
[105 103  -1  -1]
[122 120  -1  -1]
[142 140  -1  -1]
[155 153  -1  -1]
[174 172  -1  -1]
[31  6  8 -1]
[44 42 -1 -1]
[61 58 60 -1]
[67 65 -1 -1]
[75 73 -1 -1]
[77 75 -1 -1]
[-1 78 80 -1]
[12  5  8 -1]
[22 18 20 -1]
[-1 42 44 -1]
[ 1 -1 -1 -1]
[ 6  3  5 -1]
[24 22 -1 -1]
[12  8 10 -1]
[25 22 24 -1]
[40 38 -1 -1]
[42 40 -1 -1]
[59 53 55 -1]
[70 68 -1 -1]
[73 70 72 -1]
[86 77 79 -1]
[210  94  96  -1]
[224 221 223  -1]
[ -1 231  -1  -1]
[21 18 20 -1]
[37 33 35 -1]
[41 39 -1 -1]
[45 42 44 -1]
[55 52 54 -1]
[71 69 -1 -1]
[75 72 74 -1]
[76 73 -1 -1]
[84 78 80 -1]
[86 84 -1 -1]
[94 91 93 -1]
[99 95 97 -1]
[112 107 109  -1]
[118 115 117  -1]
[130 127 129  -1]
[131 128  -1  -1]
[137 135  -1  -1]
[149 146 148  -1]
[160 156 158  -1]
[162 157 161  -1]
[182 177 179  -1]
[ 5  3 -1 -1]
[37 32 34 -1]
[40 38 -1 -1]
[44 42 -1 -1]
[65 62 64 -1]
[69 67 -1 -1]
[75 72 74 -1]
[108 106  -1  -1]
[150 114 116  -1]
[140 138  -1 115]
[147 145  -1 115]
[178 172 174  -1]
[184 182  -1  -1]
[186 184  -1  -1]
[191 189  -1  -1]
[226 224  -1  -1]
[229 226 228  -1]
[232 227 230  -1]
[ 3  1 -1 -1]
[49 36 38 -1]
[54 52 -1 -1]
[107 105  -1  -1]
[158 152 154  -1]
[172 162 164  -1]
[175 172 174  -1]
[179 177  -1  -1]
[193 190 192  -1]
[196 194  -1  -1]
[ -1 222 224  -1]
[11  9 -1 -1]
[21 10 12 -1]
[16 13 15 11]
[26 23 25 -1]
[29 24 27 -1]
[48 38 40 -1]
[66 54 56 -1]
[87 85 -1 -1]
[89 86 88 -1]
[92 87 90 -1]
[102 100  -1  -1]
[104 102  -1  -1]
[106 104  -1  -1]
[161 136 138  -1]
[158 148 150 137]
[187 137 162  -1]
[183 171 173 161]
[ 1 -1 -1 -1]
[40 38 -1 -1]
[43 39 41 -1]
[63 43 45 -1]
[59 57 -1 44]
[67 65 -1 -1]
[118  75  77  -1]
[111  97  99  76]
[146 142 144  -1]
[156 153 155  -1]
[160 158  -1  -1]
[165 160 162  -1]
[171 168 170  -1]
[174 172  -1  -1]
[183 181  -1  -1]
[206 202 204  -1]
[225 223  -1  -1]
[243 241  -1  -1]
[253 250 252  -1]
[283 251 254  -1]
[261 259  -1 253]
[275 265 267 253]
[16 14 -1 -1]
[24 21 23 -1]
[42 37 39 -1]
[85 82 84 -1]
[88 85 87 -1]
[104 102  -1  -1]
[116 114  -1  -1]
[150 148  -1  -1]
[164 160 162  -1]
[167 164 166  -1]
[171 165 168  -1]
[ -1 171  -1  -1]
[68 19 21 -1]
[26 24 -1 20]
[130 128  -1  -1]
[-1 62 64 -1]
[-1 80 -1 63]
[12 10 -1 -1]
[30 27 29 -1]
[47 44 46 -1]
[86 81 83 -1]
[96 94 -1 -1]
[ 9  7 -1 -1]
[20 15 17 -1]
[29 25 27 -1]
[48 44 -1 -1]
[67 65 -1 -1]
[16 11 13 -1]
[49 47 -1 -1]
[64 62 -1 -1]
[80 72 74 -1]
[126 121 123  -1]
[139 137  -1  -1]
[84 81 83 -1]
[92 90 -1 -1]
[127 123 125  -1]
[166 124 128  -1]
[173 170 172  -1]
[175 171 174  -1]
[13  5  7 -1]
[19 17 -1 -1]
[23 21 -1 -1]
[43 41 -1 -1]
[67 65 -1 -1]
[78 75 77 -1]
[125 122 124  -1]
[137 132 134  -1]
[222 220  -1  -1]
[223 221  -1  -1]
[ -1 222  -1  -1]
[ 6  2  4 -1]
[ 8  6 -1 -1]
[18 10 12 -1]
[36 23 26 -1]
[46 44 -1 -1]
[130 123 125  -1]
[143 137 139  -1]
[153 151  -1  -1]
[179 175 177  -1]
[182 176 180  -1]
[184 179 183  -1]
[187 182 185  -1]
[17 15 -1 -1]
[31 27 29 -1]
[36 34 -1 -1]
[64 60 62 -1]
[220  86  88  -1]
[116 113 115  87]
[218 124 126  87]
[129 127  -1 125]
[182 179 181 125]
[210 205 207 125]
[261 258 260  -1]
[273 259 262  -1]
[ -1 261 274  -1]
[20 16 18 -1]
[37 35 -1 -1]
[69 40 42 -1]
[66 63 65 41]
[90 79 81 -1]
[118  90  92  -1]
[113 111  -1  91]
[116 114  -1  91]
[139 136 138  -1]
[149 147  -1  -1]
[171 168 170  -1]
[185 174 176  -1]
[ -1 185 187  -1]
[30 28 -1 -1]
[49 47 -1 -1]
[72 67 69 -1]
[85 80 82 -1]
[102 100  -1  -1]
[107 102 104  -1]
[168 114 116  -1]
[125 123  -1 115]
[155 152 154 115]
[162 160  -1 115]
[ -1 166  -1 115]
[179 176 178  -1]
[181 179  -1  -1]
[183 181  -1  -1]
[ 3  1 -1 -1]
[67 63 65 -1]
[103 101  -1  -1]
[113 111  -1  -1]
[118 115 117  -1]
[127 125  -1  -1]
[178 169 171  -1]
[214 212  -1  -1]
[ 9  7 -1 -1]
[27 24 26 -1]
[28 25 -1 -1]
[86 78 80 -1]
[88 86 -1 -1]
[104 101 103  -1]
[115 108 110  -1]
[128 125 127  -1]
[ -1 551  -1  -1]
[40 36 38 -1]
[72 70 -1 -1]
[87 83 85 -1]
[100  98  -1  -1]
[103 101  -1  -1]
[110 104 106  -1]
[130 128  -1  -1]
[146 144  -1  -1]
[21 15 17 -1]
[53 50 52 -1]
[102  99 101  -1]
[113 110  -1  -1]
[123 121  -1  -1]
[21  4  6 -1]
[23 21 -1 -1]
[37 35 -1 -1]
[48 46 -1 -1]
[69 66 68 -1]
[81 79 -1 -1]
[ 7  5 -1 -1]
[53 51 -1 -1]
[54 52 -1 -1]
[65 63 -1 -1]
[83 81 -1 -1]
[94 92 -1 -1]
[95 93 -1 -1]
[ -1 101 103  -1]
[114 112  -1 102]
[ 8  6 -1 -1]
[20 17 19 -1]
[55 44 46 -1]
[80 76 78 -1]
[91 84 86 -1]
[127 120 122  -1]
[138 132 134  -1]
[33  1  3 -1]
[42 38 40 -1]
[74 71 73 -1]
[161 159  -1  -1]
[ -1 171 173  -1]
[12  6  8 -1]
[16 13 15 -1]
[23 20 22 -1]
[38 36 -1 -1]
[41 39 -1 -1]
[43 40 42 -1]
[52 41 44 -1]
[51 48 50 43]
[54 52 -1 -1]
[-1 53 55 -1]
[13  6  8 -1]
[73 67 69 -1]
[95 93 -1 -1]
[93 69 71 -1]
[ -1 111 113  -1]
[14 12 -1 -1]
[27 25 -1 -1]
[135 133  -1  -1]
[161 157 160  -1]
[14 10 12 -1]
[ 6  4 -1 -1]
[11  9 -1 -1]
[12 10 -1 -1]
[15 12 14 -1]
[31 28 30 -1]
[55 41 43 -1]
[64 60 62 -1]
[67 65 -1 -1]
[116 103 105  -1]
[19 16 18 -1]
[27 25 -1 -1]
[38 35 37 -1]
[44 41 43 -1]
[58 45 47 -1]
[141  72  74  -1]
[90 86 88 73]
[127 113 115  73]
[119 117  -1 114]
[139 128 130  73]
[196 194  -1  -1]
[221 218 220  -1]
[230 227 229  -1]
[238 235 237  -1]
[241 236 239  -1]
[248 238 242  -1]
[291 241 249  -1]
[254 252  -1 248]
[258 256  -1 248]
[ -1 268 270 248]
[ -1 291 293  -1]
[216 213 215  -1]
[238 228 230  -1]
[236 233 235 229]
[410 392 394  -1]
[ -1 393 411  -1]
[ 6  2  4 -1]
[15 13 -1 -1]
[29 25 27 -1]
[41 37 39 -1]
[45 41 43 -1]
[57 51 53 -1]
[65 59 61 -1]
[77 75 -1 -1]
[89 83 85 -1]
[110 108  -1  -1]
[158 143 145  -1]
[199 196 198  -1]
[20 18 -1 -1]
[24 20 22 -1]
[34 30 32 -1]
[39 36 38 -1]
[51 49 -1 -1]
[61 58 60 -1]
[71 64 66 -1]
[72 65 -1 -1]
[78 76 -1 -1]
[98 96 -1 -1]
[110 108  -1  -1]
[118 116  -1  -1]
[148 146  -1  -1]
[ -1 149 152  -1]
[100  98  -1  -1]
[128 126  -1  -1]
[150 147 149  -1]
[152 148 151  -1]
[ -1 150  -1  -1]
[332 299 301  -1]
[25 22 24 -1]
[30 28 -1 -1]
[33 31 -1 -1]
[64 61 63 -1]
[66 64 -1 -1]
[89 68 80 -1]
[207 205  -1  -1]
[15 11 13 -1]
[24 16 18 -1]
[29 27 -1 -1]
[41 37 39 -1]
[58 55 57 -1]
[79 77 -1 -1]
[84 80 82 -1]
[102 100  -1  -1]
[117 114 116  -1]
[167 120 122  -1]
[148 146  -1 121]
[159 156 158 121]
[190 179 181  -1]
[221 218 220  -1]
[242 237 239  -1]
[249 247  -1  -1]
[250 248  -1  -1]
[256 249 251  -1]
[ 7  5 -1 -1]
[23 21 -1 -1]
[31 25 27 -1]
[48 46 -1 -1]
[72 70 -1 -1]
[73 71 -1 -1]
[78 76 -1 -1]
[100  98  -1  -1]
[127 125  -1  -1]
[144 142  -1  -1]
[170 150 152  -1]
[164 162  -1 151]
[184 151 171  -1]
[23 20 22 -1]
[50 46 48 -1]
[71 69 -1 -1]
[100  79  81  -1]
[112 101 103  -1]
[ -1 109 111 102]
[125 118 120  -1]
[130 128  -1  -1]
[132 130  -1  -1]
[136 131 133  -1]
[10  7  9 -1]
[11  8 -1 -1]
[151 143 145  -1]
[168 166  -1  -1]
[ 8  6 -1 -1]
[18 16 -1 -1]
[29 26 28 -1]
[59 57 -1 -1]
[80 78 -1 -1]
[97 95 -1 -1]
[136 129 131  -1]
[148 145 147  -1]
[155 150 152  -1]
[170 162 164  -1]
[191 187 189  -1]
[212 210  -1  -1]
[213 211  -1  -1]
[12 10 -1 -1]
[75 71 73 -1]
[116  77  79  -1]
[142 129 131  -1]
[143 130  -1  -1]
[10  8 -1 -1]
[16 14 -1 -1]
[31 27 29 -1]
[43 41 -1 -1]
[45 42 44 -1]
[50 45 47 -1]
[55 52 54 -1]
[80 77 79 -1]
[105  90  92  -1]
[146 143 145  -1]
[153 151  -1  -1]
[180 174 176  -1]
[210 188 190  -1]
[207 205  -1 189]
[209 207  -1 189]
[213 211  -1  -1]
[ -1 213 215  -1]
[ 7  5 -1 -1]
[11  9 -1 -1]
[13 10 12 -1]
[40 16 18 -1]
[28 26 -1 17]
[-1 37 39 17]
[58 45 47 -1]
[56 53 55 46]
[73 63 -1 -1]
[104  72  74  -1]
[107  73 105  -1]
[111 109  -1  -1]
[10  8 -1 -1]
[26 24 -1 -1]
[46 37 39 -1]
[80 66 68 -1]
[85 67 81 -1]
[98 85 87 -1]
[105 103  -1  -1]
[120 118  -1  -1]
[140 124 126  -1]
[ -1 145 147  -1]
[ 9  5  7 -1]
[39 37 -1 -1]
[59 55 57 -1]
[86 79 81 -1]
[93 90 92 -1]
[101  99  -1  -1]
[111 108 110  -1]
[127 111 113  -1]
[133 130 132  -1]
[150 148  -1  -1]
[155 153  -1  -1]
[167 163 165  -1]
[ -1 164 168  -1]
[195 193  -1 167]
[67 65 -1 -1]
[217 214 216  -1]
[251 248 250  -1]
[286 284  -1  -1]
[290 288  -1  -1]
[298 296  -1  -1]
[51 44 46 -1]
[55 53 -1 -1]
[66 64 -1 -1]
[88 76 78 -1]
[99 97 -1 -1]
[115 111 113  -1]
[46 43 45 -1]
[109 102 104  -1]
[150 148  -1  -1]
[172 170  -1  -1]
[211 209  -1  -1]
[258 252 254  -1]
[334 325 327  -1]
[341 339  -1  -1]
[431 428 430  -1]
[448 440 447  -1]
[453 450 452  -1]
[10  8 -1 -1]
[17 15 -1 -1]
[30 28 -1 -1]
[40 38 -1 -1]
[54 44 46 -1]
[112  79  81  -1]
[106 104  -1  80]
[152 132 134  -1]
[135  -1  -1 133]
[147 145  -1 133]
[248 246  -1  -1]
[25 23 -1 -1]
[30 27 29 -1]
[31 28 -1 -1]
[35 33 -1 -1]
[39 35 37 -1]
[41 36 40 -1]
[111 109  -1  -1]
[118 116  -1  -1]
[121 118 120  -1]
[129 121 123  -1]
[134 131 133  -1]
[165 144 146  -1]
[186 184  -1  -1]
[201 198 200  -1]
[202 199  -1  -1]
[204 202  -1  -1]
[ -1 206  -1  -1]
[30 28 -1 -1]
[77 57 59 -1]
[76 74 -1 58]
[117 113 115  -1]
[122 120  -1  -1]
[148 146  -1  -1]
[168 162 165  -1]
[ -1 164  -1  -1]
[23 18 20 -1]
[32 30 -1 -1]
[71 69 -1 -1]
[84 81 83 -1]
[93 82 85 -1]
[ 8  3  5 -1]
[15 12 14 -1]
[40 36 38 -1]
[57 48 50 -1]
[66 64 -1 -1]
[-1 73 75 -1]
[72 69 -1 -1]
[115 111 113  -1]
[120 118  -1  -1]
[146 135 137  -1]
[168 147 149  -1]
[165 163  -1 148]
[183 174 176  -1]
[ 4  2 -1 -1]
[18 15 17 -1]
[23 21 -1 -1]
[36 33 35 -1]
[64 62 -1 -1]
[132 130  -1  -1]
[134 132  -1  -1]
[139 134 136  -1]
[147 143 145  -1]
[150 147  -1  -1]
[36 34 -1 -1]
[71 69 -1 -1]
[81 79 -1 -1]
[84 81 83 -1]
[94 92 -1 -1]
[109 107  -1  -1]
[110 108  -1  -1]
[112 110  -1  -1]
[28 26 -1 -1]
[ 8  6 -1 -1]
[16 14 -1 -1]
[30 27 29 -1]
[34 30 32 -1]
[64 62 -1 -1]
[69 64 66 -1]
[100  92  99  -1]
[91 58 60 -1]
[86 84 -1 59]
[103 100 102  -1]
[117 115  -1  -1]
[132 130  -1  -1]
[ -1 133  -1  -1]
[ 4 -1  1 -1]
[ 1 -1 -1 -1]
[ 4  0  2 -1]
[121  73 102  -1]
[156 101 122  -1]
[ -1 157  -1  -1]
[ -1 181 183  -1]
[ 8  6 -1 -1]
[12  9 11 -1]
[42 14 16 -1]
[32 30 -1 -1]
[43 33 35 -1]
[65 62 64 -1]
[79 75 77 -1]
[88 86 -1 -1]
[114 111 113  -1]
[123 120 122  -1]
[124 121  -1  -1]
[143 141  -1  -1]
[178 153 155  -1]
[202 154 179  -1]
[199 197  -1 178]
[203 178  -1  -1]
[18 14 16 -1]
[45 43 -1 -1]
[85 82 84 -1]
[104 101 103  -1]
[133 129 131  -1]
[159 156 158  -1]
[169 167  -1  -1]
[177 174 176  -1]
[188 183 185  -1]
[193 184 189  -1]
[196 194  -1  -1]
[239 236 238  -1]
[17 14 16 -1]
[60 58 -1 -1]
[76 70 72 -1]
[38 35 37 -1]
[96 48 50 -1]
[54 52 -1 49]
[55 53 -1 49]
[78 76 -1 49]
[90 86 88 49]
[148 143 145  -1]
[151 144 149  -1]
[ -1 148  -1  -1]
[ 3  1 -1 -1]
[48 46 -1 -1]
[63 58 60 -1]
[102  79  81  -1]
[157 125 127  -1]
[140 138  -1 126]
[159 157  -1  -1]
[186 177 179  -1]
[191 188 190  -1]
[198 195 197  -1]
[ -1 203 205  -1]
[135 114 116  -1]
[119 117  -1 115]
[131 129  -1 115]
[142 140  -1  -1]
[164 161 163  -1]
[179 177  -1  -1]
[194 185 187  -1]
[ -1 186  -1  -1]
[24 22 -1 -1]
[30 28 -1 -1]
[32 30 -1 -1]
[68 59 61 -1]
[82 80 -1 -1]
[84 82 -1 -1]
[91 89 -1 -1]
[112 110  -1  -1]
[120 118  -1  -1]
[126 124  -1  -1]
[26  8 10 -1]
[23 21 -1  9]
[29 27 -1 -1]
[33 28 30 -1]
[34 29 -1 -1]
[42 35 37 -1]
[63 48 50 -1]
[62 60 -1 49]
[64 49 -1 -1]
[84 76 78 -1]
[55 52 54 -1]
[68 66 -1 -1]
[81 71 73 -1]
[115 112 114  -1]
[131 124 126  -1]
[150 147 149  -1]
[177 163 165  -1]
[176 174  -1 164]
[187 184 186  -1]
[205 193 195  -1]
[207 194 206  -1]
[210 205 208  -1]
[ -1 207  -1  -1]
[27 25 -1 -1]
[41 39 -1 -1]
[44 42 -1 -1]
[48 46 -1 -1]
[70 64 66 -1]
[73 71 -1 -1]
[80 78 -1 -1]
[87 85 -1 -1]
[92 88 90 -1]
[98 94 96 -1]
[107 103 105  -1]
[109 107  -1  -1]
[114 112  -1  -1]
[118 114 116  -1]
[127 125  -1  -1]
[151 147 149  -1]
[164 160 162  -1]
[174 172  -1  -1]
[183 181  -1  -1]
[19 16 18 -1]
[22 19 21 -1]
[52 37 39 -1]
[106  97  99  -1]
[109 107  -1  -1]
[112 110  -1  -1]
[118 113 115  -1]
[ -1 116  -1 114]
[140 131 133  -1]
[143 140 142  -1]
[147 145  -1  -1]
[149 147  -1  -1]
[150 148  -1  -1]
[15 12 14 -1]
[68 66 -1 -1]
[84 82 -1 -1]
[100  98  -1  -1]
[152 109 111  -1]
[127 124 126 110]
[130 128  -1 110]
[147 145  -1 110]
[165 161 163  -1]
[196 194  -1  -1]
[254 252  -1  -1]
[275 272 274  -1]
[29 11 13 -1]
[41 37 39 -1]
[105 103  -1  -1]
[116 114  -1  -1]
[127 122 124  -1]
[171 167 169  -1]
[172 168  -1  -1]
[195 193  -1  -1]
[201 197 199  -1]
[204 202  -1  -1]
[220 218  -1  -1]
[249 246 248  -1]
[259 250 252  -1]
[267 264 266  -1]
[ -1 308  -1  -1]
[24 18 20 -1]
[27 24 26 -1]
[50 37 39 -1]
[107  98 100  -1]
[192  99 108  -1]
[121 119  -1 107]
[129 127  -1 107]
[137 135  -1 107]
[168 166  -1 107]
[182 180  -1 107]
[222 201 203  -1]
[218 216  -1 202]
[233 230 232  -1]
[242 240  -1  -1]
[ 4  2 -1 -1]
[20 17 19 -1]
[21 18 -1 -1]
[32 28 30 -1]
[53 51 -1 -1]
[62 56 58 -1]
[91 85 87 -1]
[158 138 140  -1]
[157 154 156 139]
[169 163 165  -1]
[189 184 186  -1]
[192 190  -1  -1]
[194 192  -1  -1]
[204 201 203  -1]
[222 220  -1  -1]
[232 224 226  -1]
[229 227  -1 225]
[ -1 225 233  -1]
[124 122  -1  -1]
[307 305  -1  -1]
[319 315 317  -1]
[320 316  -1  -1]
[340 325 327  -1]
[362 349 351  -1]
[363 350  -1  -1]
[365 363  -1  -1]
[13  8 10 -1]
[34 32 -1 -1]
[51 46 48 -1]
[53 47 52 -1]
[391 389  -1  -1]
[578 462 464  -1]
[18 15 17 -1]
[26 22 24 -1]
[71 45 47 -1]
[68 66 -1 46]
[88 76 78 -1]
[102  96  98  -1]
[106  97 103  -1]
[112 109 111  -1]
[118 116  -1  -1]
[179 159 161  -1]
[195 193  -1  -1]
[203 196 198  -1]
[210 208  -1  -1]
[223 217 219  -1]
[265 218 224  -1]
[242 240  -1 223]
[254 248 250 223]
[269 265 267  -1]
[22 16 18 -1]
[38 35 37 -1]
[43 41 -1 -1]
[47 44 46 -1]
[66 63 65 -1]
[71 67 69 -1]
[91 88 90 -1]
[99 96 98 -1]
[125 123  -1  -1]
[184 124 126  -1]
[147 145  -1 125]
[148 146  -1 125]
[156 154  -1 125]
[171 168 170 125]
[176 174  -1 125]
[226 195 197  -1]
[224 219 221 196]
[ -1 224  -1 196]
[245 237 240  -1]
[246 239  -1  -1]
[18 14 16 -1]
[36 29 31 -1]
[65 62 64 -1]
[154 151 153  -1]
[23 19 21 -1]
[495 481 483  -1]
[14 11 13 -1]
[70 53 55 -1]
[60 57 59 54]
[69 67 -1 54]
[116  82  84  -1]
[111 109  -1  83]
[166 164  -1  -1]
[174 172  -1  -1]
[188 186  -1  -1]
[195 192 194  -1]
[204 201 203  -1]
[209 207  -1  -1]
[238 232 234  -1]
[ -1 233 239  -1]
[18 16 -1 -1]
[49 46 48 -1]
[63 56 58 -1]
[309  94  96  -1]
[144 141 143  95]
[228 223 225  95]
[233 231  -1  95]
[285 259 261  95]
[294 290 292  95]
[321 317 319  -1]
[331 328 330  -1]
[338 333 335  -1]
[352 350  -1  -1]
[360 357 359  -1]
[370 363 365  -1]
[ -1 368  -1 364]
[379 376 378  -1]
[392 390  -1  -1]
[443 426 428  -1]
[446 444  -1  -1]
[452 445 447  -1]
[486 473 475  -1]
[509 489 491  -1]
[501 499  -1 490]
[516 509 511  -1]
[518 510 517  -1]
[31 28 30 -1]
[57 47 49 -1]
[89 86 88 -1]
[104 100 102  -1]
[107 105  -1  -1]
[110 108  -1  -1]
[119 115 117  -1]
[121 119  -1  -1]
[128 126  -1  -1]
[130 128  -1  -1]
[145 138 140  -1]
[154 150 152  -1]
[163 159 161  -1]
[186 184  -1  -1]
[189 185 187  -1]
[ 9  4  6 -1]
[10  5 -1 -1]
[15 13 -1 -1]
[25 23 -1 -1]
[36 34 -1 -1]
[38 36 -1 -1]
[48 46 -1 -1]
[53 51 -1 -1]
[66 64 -1 -1]
[85 83 -1 -1]
[99 93 95 -1]
[-1 94 -1 -1]
[ 4  2 -1 -1]
[ 7  4  6 -1]
[10  8 -1 -1]
[21 18 20 -1]
[25 21 23 -1]
[45 40 42 -1]
[49 41 46 -1]
[75 56 58 -1]
[93 80 82 -1]
[91 89 -1 81]
[105  81  94  -1]
[104 101 103  93]
[148 146  -1  -1]
[149 147  -1  -1]
[37 33 35 -1]
[50 48 -1 -1]
[74 72 -1 -1]
[92 89 91 -1]
[94 92 -1 -1]
[104 102  -1  -1]
[114 110 112  -1]
[119 115 117  -1]
[127 123 125  -1]
[138 131 133  -1]
[140 132 139  -1]
[ -1 138 141  -1]
[174 172  -1  -1]
[177 175  -1  -1]
[207 205  -1  -1]
[272 270  -1  -1]
[296 294  -1  -1]
[299 297  -1  -1]
[308 302 304  -1]
[311 308 310  -1]
[312 309  -1  -1]
[316 311 313  -1]
[328 324 326  -1]
[330 325 329  -1]
[347 332 334  -1]
[349 347  -1  -1]
[350 348  -1  -1]
[354 351 353  -1]
[ -1 355  -1  -1]
[ 1 -1 -1 -1]
[27  7  9 -1]
[41 32 34 -1]
[60 49 51 -1]
[-1 53 55 50]
[123 112 114  -1]
[20  9 11 -1]
[-1 18 -1 10]
[131 115 117  -1]
[133 131  -1  -1]
[135 132 134  -1]
[136 133  -1  -1]
[ -1 135 137  -1]
[16  8 10 -1]
[18 16 -1 -1]
[31 25 27 -1]
[34 32 -1 -1]
[118  61  63  -1]
[66 64 -1 62]
[69 67 -1 62]
[100  98  -1  62]
[102 100  -1  62]
[111 109  -1  62]
[121 119  -1  -1]
[131 129  -1  -1]
[175 169 171  -1]
[176 170  -1  -1]
[194 176 178  -1]
[189 187  -1 177]
[ 5  3 -1 -1]
[71 68 70 -1]
[93 91 -1 -1]
[110 103 105  -1]
[115 113  -1  -1]
[117 114 116  -1]
[125 119 121  -1]
[82 80 -1 -1]
[39 18 20 -1]
[94 92 -1 -1]
[10  7  9 -1]
[13 11 -1 -1]
[22 20 -1 -1]
[40 35 37 -1]
[44 42 -1 -1]
[48 46 -1 -1]
[58 55 57 -1]
[10  8 -1 -1]
[41 39 -1 -1]
[47 45 -1 -1]
[32 30 -1 -1]
[ 1 -1 -1 -1]
[ 4  2 -1 -1]
[16 14 -1 -1]
[53 48 50 -1]
[24 22 -1 -1]
[25 23 -1 -1]
[41 39 -1 -1]
[51 47 49 -1]
[57 55 -1 -1]
[77 75 -1 -1]
[94 91 93 -1]
[129 127  -1  -1]
[143 141  -1  -1]
[153 151  -1  -1]
[28 25 27 -1]
[34 32 -1 -1]
[40 38 -1 -1]
[47 45 -1 -1]
[55 47 49 -1]
[65 63 -1 -1]
[77 74 76 -1]
[89 86 88 -1]
[94 91 93 -1]
[119 110 112  -1]
[132 130  -1  -1]
[137 135  -1  -1]
[140 138  -1  -1]
[146 144  -1  -1]
[97 95 -1 -1]
[109 107  -1  -1]
[138 136  -1  -1]
[146 144  -1  -1]
[150 148  -1  -1]
[17 11 13 -1]
[22 20 -1 -1]
[27 25 -1 -1]
[70 67 69 -1]
[210 208  -1  -1]
[ -1 254 256  -1]
[13  6  8 -1]
[37 35 -1 -1]
[98 64 66 -1]
[70 68 -1 65]
[79 77 -1 65]
[90 88 -1 65]
[-1 95 97 65]
[108 104 106  -1]
[111 108 110  -1]
[112 109  -1  -1]
[138 136  -1  -1]
[177 175  -1  -1]
[ 6  0  2 -1]
[30 27 29 -1]
[41 36 38 -1]
[46 43 45 -1]
[78 59 61 -1]
[-1 75 77 60]
[84 82 -1 -1]
[92 84 86 -1]
[113 107 109  -1]
[115 113  -1  -1]
[10  8 -1 -1]
[55 51 53 -1]
[69 67 -1 -1]
[71 68 70 -1]
[88 86 -1 -1]
[90 88 -1 -1]
[93 91 -1 -1]
[103  99 101  -1]
[118 110 112  -1]
[ -1 111 119  -1]
[ 7  4  6 -1]
[14 12 -1 -1]
[35 33 -1 -1]
[45 43 -1 -1]
[60 55 57 -1]
[66 64 -1 -1]
[80 75 77 -1]
[100  96  98  -1]
[108 105 107  -1]
[117 115  -1  -1]
[138 136  -1  -1]
[28 24 26 -1]
[67 65 -1 -1]
[75 72 74 -1]
[78 76 -1 -1]
[80 78 -1 -1]
[89 86 88 -1]
[102 100  -1  -1]
[104 101 103  -1]
[107 105  -1  -1]
[162 106 108  -1]
[ -1 157 159 107]
[166 107 163  -1]
[184 182  -1  -1]
[47 45 -1 -1]
[91 89 -1 -1]
[111  96  98  -1]
[157 154 156  -1]
[172 161 163  -1]
[194 172 174  -1]
[176 174  -1 173]
[ -1 189 191 173]
[198 195 197  -1]
[200 196 199  -1]
[14 10 12 -1]
[ 8  6 -1 -1]
[19  7  9 -1]
[29 25 27 -1]
[-1 65 67 -1]
[77 75 -1 66]
[89 86 88 66]
[65 63 -1 -1]
[81 74 76 -1]
[104 102  -1  -1]
[114 112  -1  -1]
[155 114 116  -1]
[234 214 216  -1]
[218 216  -1 215]
[239 215 235  -1]
[284 246 248  -1]
[252 250  -1 247]
[370 287 290  -1]
[333 326 328 289]
[338 336  -1 289]
[348 344 346 289]
[360 358  -1 289]
[368 366  -1 289]
[ -1 289  -1  -1]
[170 156 158  -1]
[160 158  -1 157]
[181 177 179  -1]
[296 293 295  -1]
[335 330 332  -1]
[340 331 336  -1]
[ 4  2 -1 -1]
[ 6  3  5 -1]
[16  9 11 -1]
[55 51 53 -1]
[62 60 -1 -1]
[94 86 88 -1]
[99 96 98 -1]
[107 105  -1  -1]
[115 113  -1  -1]
[139 137  -1  -1]
[11  5  7 -1]
[132 128 130  -1]
[142 139 141  -1]
[162 156 158  -1]
[168 166  -1  -1]
[175 173  -1  -1]
[179 177  -1  -1]
[189 186 188  -1]
[192 190  -1  -1]
[196 191 193  -1]
[ -1 192 197  -1]
[ 6  4 -1 -1]
[35 21 23 -1]
[89 63 65 -1]
[ 6  1  3 -1]
[52 50 -1 -1]
[56 54 -1 -1]
[64 62 -1 -1]
[-1 80 82 -1]
[87 85 -1 81]
[18 14 16 -1]
[140 138  -1  -1]
[177 144 146  -1]
[159 157  -1 145]
[166 164  -1 145]
[172 170  -1 145]
[218 216  -1  -1]
[255 253  -1  -1]
[263 260 262  -1]
[ -1 261 264  -1]
[58 54 56 -1]
[120 118  -1  -1]
[248 245 247  -1]
[300 296 298  -1]
[312 309 311  -1]
[412 410  -1  -1]
[426 416 418  -1]
[449 446  -1  -1]
[455 449 451  -1]
[13 11 -1 -1]
[18 16 -1 -1]
[24 22 -1 -1]
[29 25 27 -1]
[31 26 30 -1]
[35 33 -1 -1]
[38 36 -1 -1]
[51 47 49 -1]
[63 61 -1 -1]
[75 73 -1 -1]
[102 100  -1  -1]
[149 147  -1  -1]
[170 166 168  -1]
[175 172 174  -1]
[17 13 15 -1]
[20 14 18 -1]
[24 21 23 -1]
[27 25 -1 -1]
[51 49 -1 -1]
[62 60 -1 -1]
[103 100 102  -1]
[111 109  -1  -1]
[164 146 148  -1]
[ -1 159 161 147]
[166 147 165  -1]
[168 166  -1  -1]
[11  9 -1 -1]
[15 13 -1 -1]
[16 14 -1 -1]
[27 20 22 -1]
[42 33 35 -1]
[-1 40 -1 34]
[122 120  -1  -1]
[144 130 132  -1]
[145 131  -1  -1]
[186 177 179  -1]
[201 196 198  -1]
[59 30 32 -1]
[110 106 108  -1]
[115 113  -1  -1]
[119 114 116  -1]
[159 119 121  -1]
[163 120 160  -1]
[ -1 159  -1  -1]
[18 16 -1 -1]
[82 58 68 -1]
[77 75 -1 67]
[ -1 170 192  -1]
[193  -1  -1 191]
[25 20 22 -1]
[29 27 -1 -1]
[ -1 361 406  -1]
[19 11 13 -1]
[20 12 -1 -1]
[22 20 -1 -1]
[25 23 -1 -1]
[32 29 31 -1]
[34 32 -1 -1]
[37 33 35 -1]
[38 34 -1 -1]
[55 53 -1 -1]
[69 67 -1 -1]
[70 68 -1 -1]
[74 72 -1 -1]
[101  99  -1  -1]
[102 100  -1  -1]
[113 110 112  -1]
[119 115 117  -1]
[124 122  -1  -1]
[135 132 134  -1]
[144 141 143  -1]
[154 152  -1  -1]
[162 159 161  -1]
[ -1 163 165  -1]
[129 107 109  -1]
[231 203 205  -1]
[229 213 215 204]
[254 231 233  -1]
[245 239 241 232]
[255 232  -1  -1]
[ 6  3  5 -1]
[ 9  7 -1 -1]
[11  9 -1 -1]
[15 12 14 -1]
[89 66 68 -1]
[98 96 -1 -1]
[148 111 113  -1]
[134 132  -1 112]
[168 163 165  -1]
[ -1 164  -1  -1]
[10  3  5 -1]
[15 11 13 -1]
[24 12 16 -1]
[29 26 28 -1]
[43 40 42 -1]
[52 49 51 -1]
[69 53 55 -1]
[76 74 -1 -1]
[77 75 -1 -1]
[92 45 47 -1]
[53 48 51 46]
[63 61 -1 46]
[86 82 84 46]
[87 83 -1 46]
[88 86 -1 46]
[ -1 137 139  -1]
[ 4  2 -1 -1]
[17 15 -1 -1]
[20 16 18 -1]
[42 39 41 -1]
[56 53 55 -1]
[60 58 -1 -1]
[77 75 -1 -1]
[107 104 106  -1]
[ 8  4  6 -1]
[22 19 21 -1]
[24 22 -1 -1]
[26 24 -1 -1]
[32 30 -1 -1]
[48 46 -1 -1]
[62 60 -1 -1]
[75 73 -1 -1]
[93 90 92 -1]
[96 94 -1 -1]
[103  97  99  -1]
[110  98 104  -1]
[36 34 -1 -1]
[37 35 -1 -1]
[40 37 39 -1]
[60 56 58 -1]
[83 80 82 -1]
[97 94 96 -1]
[105  97  99  -1]
[ 3  1 -1 -1]
[ 6  3  5 -1]
[ 9  7 -1 -1]
[23 15 17 -1]
[25 16 24 -1]
[28 23 26 -1]
[34 31 33 -1]
[42 39 -1 -1]
[47 44 46 -1]
[53 50 52 -1]
[56 54 -1 -1]
[66 63 65 -1]
[76 74 -1 -1]
[86 84 -1 -1]
[90 88 -1 -1]
[130  91  93  -1]
[120 118  -1  92]
[122 120  -1  92]
[ -1 172 174  -1]
[15 12 14 -1]
[21 18 20 -1]
[25 22 24 -1]
[32 30 -1 -1]
[34 32 -1 -1]
[36 34 -1 -1]
[46 44 -1 -1]
[48 45 47 -1]
[89 87 -1 -1]
[115 106 108  -1]
[123 115 117  -1]
[125 123  -1  -1]
[41 38 40 -1]
[53 50 52 -1]
[99 97 -1 -1]
[108 103 105  -1]
[127 122 124  -1]
[139 137  -1  -1]
[149 147  -1  -1]
[165 163  -1  -1]
[169 165 167  -1]
[177 166 170  -1]
[22 18 20 -1]
[37 35 -1 -1]
[98 95 97 -1]
[130  96  99  -1]
[134 132  -1  -1]
[145 129 131  -1]
[282 273 275  -1]
[145 143  -1  -1]
[ 9  5  7 -1]
[17  6 10 -1]
[32 27 29 -1]
[36 32 34 -1]
[ 9  3  5 -1]
[53 31 33 -1]
[74 66 68 -1]
[-1 75 -1 -1]
[ 3  0  2 -1]
[14  6  8 -1]
[51 18 20 -1]
[24 22 -1 19]
[37 35 -1 19]
[49 47 -1 19]
[-1 52 54 -1]
[52 46 50 -1]
[-1 54 -1 -1]
[32 30 -1 -1]
[44 42 -1 -1]
[-1 43 -1 -1]
[14 12 -1 -1]
[24 22 -1 -1]
[44 31 33 -1]
[62 51 53 -1]
[63 52 -1 -1]
[67 63 65 -1]
[90 74 76 -1]
[50 48 -1 -1]
[51 49 -1 -1]
[-1 54 -1 -1]
[ 2 -1  1 -1]
[ 6  4 -1 -1]
[18  6  8 -1]
[10  4  6 -1]
[72 37 39 -1]
[99 76 78 -1]
[15 12 14 -1]
[47 44 46 -1]
[49 47 -1 -1]
[54 50 52 -1]
[73 66 68 -1]
[77 74 76 -1]
[113 104 106  -1]
[118 115 117  -1]
[28 26 -1 -1]
[46 44 -1 -1]
[47 45 -1 -1]
[60 58 -1 -1]
[12  9 11 -1]
[13 10 -1 -1]
[17 12 14 -1]
[52 50 -1 -1]
[83 81 -1 -1]
[131 119 121  -1]
[10  8 -1 -1]
[20 17 19 -1]
[25 23 -1 -1]
[35 33 -1 -1]
[82 79 81 -1]
[89 85 87 -1]
[100  98  -1  -1]
[129 127  -1  -1]
[153 150 152  -1]
[164 161 163  -1]
[83 38 40 -1]
[66 64 -1 39]
[77 74 76 39]
[80 78 -1 39]
[125  83  85  -1]
[122 113 115  84]
[18 15 17 -1]
[46 18 21 -1]
[35 32 34 20]
[49 47 -1 -1]
[62 59 61 -1]
[115 113  -1  -1]
[11  5  7 -1]
[20 13 18 -1]
[32 24 26 -1]
[147 144 146  -1]
[169 148 150  -1]
[181 149 170  -1]
[26 20 22 -1]
[ -1 174 176  -1]
[19 16 18 -1]
[59 26 28 -1]
[40 37 39 27]
[118  63  65  -1]
[ -1  64 119  -1]
[ 6  4 -1 -1]
[15 13 -1 -1]
[23 15 17 -1]
[36 34 -1 -1]
[77 75 -1 -1]
[88 83 85 -1]
[109 107  -1  -1]
[121 118 120  -1]
[126 123 125  -1]
[134 131 133  -1]
[145 143  -1  -1]
[ -1 144 146  -1]
[30 27 29 -1]
[31 28 -1 -1]
[45 30 32 -1]
[36 34 -1 31]
[47 45 -1 -1]
[67 62 64 -1]
[75 73 -1 -1]
[109 105 107  -1]
[112 110  -1  -1]
[118 114 116  -1]
[124 121 123  -1]
[127 125  -1  -1]
[ 5  3 -1 -1]
[38 35 37 -1]
[55 53 -1 -1]
[78 76 -1 -1]
[91 83 85 -1]
[96 94 -1 -1]
[109 105 107  -1]
[116 114  -1  -1]
[120 118  -1  -1]
[158 156  -1  -1]
[179 177  -1  -1]
[ 7  5 -1 -1]
[14 12 -1 -1]
[22 20 -1 -1]
[32 30 -1 -1]
[42 40 -1 -1]
[44 41 43 -1]
[58 53 55 -1]
[76 62 64 -1]
[-1 63 77 -1]
[33 30 32 -1]
[42 40 -1 -1]
[56 44 46 -1]
[67 65 -1 -1]
[74 72 -1 -1]
[136 130 132  -1]
[142 140  -1  -1]
[143 141  -1  -1]
[10  8 -1 -1]
[25 22 24 -1]
[44 42 -1 -1]
[55 52 54 -1]
[64 62 -1 -1]
[66 63 65 -1]
[71 69 -1 -1]
[83 81 -1 -1]
[87 84 86 -1]
[89 87 -1 -1]
[91 88 90 -1]
[103 100 102  -1]
[109 107  -1  -1]
[25 20 22 -1]
[29 27 -1 -1]
[57 34 36 -1]
[47 45 -1 35]
[51 49 -1 35]
[65 61 63 -1]
[74 70 72 -1]
[87 85 -1 -1]
[96 91 93 -1]
[102  92  97  -1]
[113 111  -1  -1]
[120 118  -1  -1]
[121 119  -1  -1]
[140 137 139  -1]
[147 145  -1  -1]
[161 159  -1  -1]
[43 40 42 -1]
[55 52 54 -1]
[63 61 -1 -1]
[118 116  -1  -1]
[134 132  -1  -1]
[168 164 166  -1]
[176 171 173  -1]
[202 176 178  -1]
[185 182 184 177]
[ 8  6 -1 -1]
[11  9 -1 -1]
[26 24 -1 -1]
[31 29 -1 -1]
[44 42 -1 -1]
[52 49 51 -1]
[67 65 -1 -1]
[78 75 77 -1]
[98 96 -1 -1]
[120 100 102  -1]
[122 120  -1  -1]
[145 143  -1  -1]
[40 38 -1 -1]
[50 48 -1 -1]
[56 54 -1 -1]
[59 57 -1 -1]
[70 62 64 -1]
[73 71 -1 -1]
[86 84 -1 -1]
[118 116  -1  -1]
[121 118 120  -1]
[41 38 40 -1]
[70 66 68 -1]
[151 148 150  -1]
[166 164  -1  -1]
[188 180 182  -1]
[217 214 216  -1]
[241 238  -1  -1]
[30 28 -1 -1]
[47 43 45 -1]
[72 66 68 -1]
[74 72 -1 -1]
[79 76 78 -1]
[92 89 91 -1]
[93 90 -1 -1]
[95 92 94 -1]
[98 96 -1 -1]
[100  97  99  -1]
[115 112 114  -1]
[118 115 117  -1]
[ -1 137  -1  -1]
[53 51 -1 -1]
[81 78 80 -1]
[97 90 92 -1]
[105 103  -1  -1]
[140 138  -1  -1]
[ 1 -1 -1 -1]
[ 4  2 -1 -1]
[37 21 23 -1]
[53 48 50 -1]
[59 53 55 -1]
[72 66 68 -1]
[81 78 80 -1]
[95 93 -1 -1]
[131  94  96  -1]
[156 154  -1  -1]
[167 163 165  -1]
[170 168  -1  -1]
[178 175 177  -1]
[ 2 -1  1 -1]
[16  6  8 -1]
[22 19 21 -1]
[57 41 43 -1]
[-1 42 58 -1]
[20 17 19 -1]
[-1 -1 -1 18]
[29 26 28 -1]
[31 29 -1 -1]
[98 94 96 -1]
[165 116 118  -1]
[189 178 180  -1]
[207 189 191  -1]
[205 203  -1 190]
[ -1 190 208  -1]
[ 3 -1  1 -1]
[ 9  3  5 -1]
[-1 78 80 -1]
[ 9  2  4 -1]
[44 27 29 -1]
[26 22 24 -1]
[33 30 32 -1]
[-1 34 36 -1]
[ 6 -1  1 -1]
[13  6  8 -1]
[32 30 -1 -1]
[46 43 45 -1]
[27 25 -1 -1]
[99 97 -1 -1]
[101  99  -1  -1]
[112 108 110  -1]
[117 115  -1  -1]
[134 123 125  -1]
[138 135 137  -1]
[139 136  -1  -1]
[20 17 19 -1]
[47 45 -1 -1]
[52 47 49 -1]
[83 81 -1 -1]
[95 83 85 -1]
[99 84 96 -1]
[111 108 110  -1]
[123 120 122  -1]
[ 2  0 -1 -1]
[68 66 -1 -1]
[76 70 72 -1]
[80 78 -1 -1]
[83 81 -1 -1]
[88 82 84 -1]
[95 83 89 -1]
[103 100 102  -1]
[11  8 10 -1]
[14 12 -1 -1]
[19 17 -1 -1]
[26 19 21 -1]
[58 56 -1 -1]
[89 85 87 -1]
[97 95 -1 -1]
[115 110 112  -1]
[125 123  -1  -1]
[132 129 131  -1]
[142 140  -1  -1]
[ -1 144 146  -1]
[17 15 -1 -1]
[18 16 -1 -1]
[34 32 -1 -1]
[49 45 47 -1]
[-1 47 -1 46]
[63 61 -1 -1]
[80 78 -1 -1]
[134 127 129  -1]
[137 128 135  -1]
[20 15 17 -1]
[39 35 37 -1]
[40 36 -1 -1]
[41 39 -1 -1]
[47 45 -1 -1]
[50 48 -1 -1]
[55 52 54 -1]
[61 59 -1 -1]
[73 71 -1 -1]
[26 13 15 -1]
[29 14 27 -1]
[35 32 34 -1]
[121  49  51  -1]
[56 53 55 50]
[95 85 87 50]
[107  95  97  50]
[120 116 118  50]
[ -1 117  -1  50]
[125 123  -1  -1]
[132 129 131  -1]
[147 145  -1  -1]
[165 161 163  -1]
[170 168  -1  -1]
[171 169  -1  -1]
[187 185  -1  -1]
[ -1 188 190  -1]
[29 27 -1 -1]
[34 30 32 -1]
[50 45 47 -1]
[59 55 57 -1]
[79 77 -1 -1]
[104  78  80  -1]
[98 90 92 79]
[ -1 101 103  79]
[ -1 104 107  -1]
[13  7  9 -1]
[20 18 -1 -1]
[41 39 -1 -1]
[56 54 -1 -1]
[59 57 -1 -1]
[79 76 78 -1]
[101  92  94  -1]
[143 109 111  -1]
[183 181  -1  -1]
[189 185 187  -1]
[191 189  -1  -1]
[203 201  -1  -1]
[223 221  -1  -1]
[247 245  -1  -1]
[250 246 248  -1]
[ -1 253 255  -1]
[50 48 -1 -1]
[109 107  -1  -1]
[279 277  -1  -1]
[290 287 289  -1]
[292 290  -1  -1]
[48 45 47 -1]
[58 56 -1 -1]
[60 58 -1 -1]
[68 63 65 -1]
[72 69 71 -1]
[82 72 74 -1]
[92 90 -1 -1]
[99 95 97 -1]
[107 103 105  -1]
[158 151 153  -1]
[ -1 155 157 152]
[ 8  6 -1 -1]
[24 21 23 -1]
[39 35 37 -1]
[44 41 43 -1]
[45 42 -1 -1]
[59 53 55 -1]
[64 62 -1 -1]
[70 65 67 -1]
[86 83 85 -1]
[-1 86 -1 -1]
[ 3  1 -1 -1]
[12  9 -1 -1]
[26 24 -1 -1]
[38 36 -1 -1]
[51 48 50 -1]
[56 54 -1 -1]
[58 56 -1 -1]
[68 60 62 -1]
[70 68 -1 -1]
[72 70 -1 -1]
[74 71 73 -1]
[84 82 -1 -1]
[96 94 -1 -1]
[113 111  -1  -1]
[153 147 149  -1]
[155 153  -1  -1]
[ -1 154  -1  -1]
[34 32 -1 -1]
[42 40 -1 -1]
[53 51 -1 -1]
[78 76 -1 -1]
[91 89 -1 -1]
[147 145  -1  -1]
[22 20 -1 -1]
[44 41 43 -1]
[69 50 52 -1]
[-1 66 68 51]
[71 69 -1 -1]
[80 76 78 -1]
[85 82 84 -1]
[153 145 147  -1]
[170 153 155  -1]
[167 165  -1 154]
[183 181  -1  -1]
[217 196 198  -1]
[238 236  -1  -1]
[64 61 63 -1]
[-1 86 88 -1]
[97 95 -1 87]
[105 103  -1  87]
[130 123 125  87]
[ 3  1 -1 -1]
[-1 14 -1 -1]
[ 8  2  4 -1]
[11  3  9 -1]
[21 18 20 -1]
[24 22 -1 -1]
[32 29 31 -1]
[18 16 -1 -1]
[70 67 69 -1]
[21 17 19 -1]
[34 29 31 -1]
[58 50 52 -1]
[107 104 106  -1]
[ 8  6 -1 -1]
[28  8 10 -1]
[41 29 31 -1]
[33 31 -1 30]
[66 64 -1 -1]
[22 19 21 -1]
[24 22 -1 -1]
[41 32 34 -1]
[61 59 -1 -1]
[89 62 64 -1]
[69 67 -1 63]
[-1 94 96 -1]
[18 16 -1 -1]
[24 22 -1 -1]
[30 25 27 -1]
[16 14 -1 -1]
[25 23 -1 -1]
[78 73 75 -1]
[121 117 119  -1]
[144 134 136  -1]
[163 157 159  -1]
[194 192  -1  -1]
[199 197  -1  -1]
[238 227 229  -1]
[242 240  -1  -1]
[12 10 -1 -1]
[24 21 23 -1]
[40 38 -1 -1]
[46 43 45 -1]
[49 46 48 -1]
[58 56 -1 -1]
[60 58 -1 -1]
[64 62 -1 -1]
[76 74 -1 -1]
[88 86 -1 -1]
[113 110 112  -1]
[132 130  -1  -1]
[137 135  -1  -1]
[16 14 -1 -1]
[20 17 19 -1]
[57 41 43 -1]
[49 47 -1 42]
[-1 55 -1 42]
[96 89 91 -1]
[113 104 106  -1]
[109 107  -1 105]
[112 109 111 105]
[126 122 124  -1]
[ 6  4 -1 -1]
[ 8  6 -1 -1]
[10  7  9 -1]
[26 14 16 -1]
[31 27 29 -1]
[39 33 35 -1]
[146 143 145  -1]
[148 144 147  -1]
[26 23 25 -1]
[27 24 -1 -1]
[36 34 -1 -1]
[42 40 -1 -1]
[60 58 -1 -1]
[ -1 109 111  -1]
[19 17 -1 -1]
[100  42  44  -1]
[49 47 -1 43]
[51 49 -1 43]
[55 53 -1 43]
[71 68 70 43]
[88 86 -1 43]
[99 92 94 43]
[ 8  5  7 -1]
[-1 -1 -1  6]
[76 64 66 -1]
[82 80 -1 -1]
[87 84 86 -1]
[105  90  92  -1]
[125 119 121  -1]
[124 122  -1 120]
[ -1 123  -1 120]
[63 34 36 -1]
[60 54 56 35]
[103  88  90  -1]
[110 106 108  -1]
[ 6  0  2 -1]
[13  1  7 -1]
[14  6 -1 -1]
[-1 14 16 -1]
[ 9  6  8 -1]
[ 2 -1  1 -1]
[ 9  3  5 -1]
[27 21 23 -1]
[-1 22 -1 -1]
[ 1 -1 -1 -1]
[28  0  2 -1]
[-1 50 52 -1]
[-1  8 10 -1]
[29 27 -1 -1]
[32 30 -1 -1]
[11  7  9 -1]
[53 51 -1 -1]
[58 56 -1 -1]
[60 58 -1 -1]
[63 61 -1 -1]
[63 61 -1 -1]
[91 89 -1 -1]
[29 27 -1 -1]
[35 33 -1 -1]
[37 35 -1 -1]
[53 51 -1 -1]
[82 80 -1 -1]
[ 2 -1  1 -1]
[-1 14 16 -1]
[14 12 -1 -1]
[33 29 31 -1]
[ 6  3  5 -1]
[18  9 11 -1]
[24 10 19 -1]
[30 24 26 -1]
[35 33 -1 -1]
[48 45 47 -1]
[96 54 56 -1]
[105  98 100  -1]
[130 126 128  -1]
[15 13 -1 -1]
[40 28 30 -1]
[54 52 -1 -1]
[62 59 61 -1]
[71 69 -1 -1]
[73 71 -1 -1]
[77 75 -1 -1]
[83 81 -1 -1]
[85 83 -1 -1]
[114 112  -1  -1]
[117 114 116  -1]
[143 137 139  -1]
[153 147 149  -1]
[180 178  -1  -1]
[182 180  -1  -1]
[188 183 187  -1]
[193 188 190  -1]
[203 189 194  -1]
[29 27 -1 -1]
[76 73 75 -1]
[118 116  -1  -1]
[141 118 120  -1]
[171 169  -1  -1]
[176 174  -1  -1]
[201 198 200  -1]
[223 220 222  -1]
[231 229  -1  -1]
[240 238  -1  -1]
[248 244 246  -1]
[256 253 255  -1]
[282 276 278  -1]
[317 313 315  -1]
[322 318 320  -1]
[18 15 17 -1]
[27 24 26 -1]
[30 27 29 -1]
[58 53 55 -1]
[67 65 -1 -1]
[72 70 -1 -1]
[80 77 79 -1]
[89 86 88 -1]
[93 91 -1 -1]
[99 93 95 -1]
[105 102 104  -1]
[109 107  -1  -1]
[122 119 121  -1]
[123 120  -1  -1]
[167 149 151  -1]
[185 169 171  -1]
[17 15 -1 -1]
[18 16 -1 -1]
[36 33 35 -1]
[42 40 -1 -1]
[52 50 -1 -1]
[110  86  88  -1]
[109 100 102  87]
[127 125  -1  -1]
[156 142 144  -1]
[ -1 143 157  -1]
[13  9 11 -1]
[32 30 -1 -1]
[37 33 35 -1]
[43 37 39 -1]
[45 38 44 -1]
[55 52 54 -1]
[65 63 -1 -1]
[ 3  1 -1 -1]
[ 6  3  5 -1]
[38 36 -1 -1]
[62 60 -1 -1]
[73 71 -1 -1]
[18 -1  1 -1]
[30 28 -1 -1]
[23 15 17 -1]
[-1 23 25 -1]
[32 30 -1 24]
[34 32 -1 24]
[-1  1  3 -1]
[23 20 22 -1]
[55 39 41 -1]
[46 44 -1 40]
[14 10 12 -1]
[17 14 16 -1]
[23 15 18 -1]
[28 26 -1 -1]
[-1 64 -1 -1]
[33 26 28 -1]
[44 33 37 -1]
[49 45 47 -1]
[32 24 -1 -1]
[35 32 34 -1]
[101  96  98  -1]
[111  97 102  -1]
[22 20 -1 -1]
[ 8  6 -1 -1]
[ 4  2 -1 -1]
[ 7  5 -1 -1]
[16  7  9 -1]
[ 6  4 -1 -1]
[23 10 12 -1]
[49 44 46 -1]
[39 32 34 -1]
[54 51 53 -1]
[ 2  0 -1 -1]
[ 5  2  4 -1]
[15 11 13 -1]
[51 49 -1 -1]
[54 52 -1 -1]
[64 58 60 -1]
[89 83 85 -1]
[93 89 91 -1]
[94 90 -1 -1]
[ 5  3 -1 -1]
[12  9 -1 -1]
[27 21 23 -1]
[34 32 -1 -1]
[43 40 42 -1]
[44 41 -1 -1]
[49 46 -1 -1]
[56 52 54 -1]
[72 65 67 -1]
[77 75 -1 -1]
[83 79 81 -1]
[88 86 -1 -1]
[91 89 -1 -1]
[105 103  -1  -1]
[114 111 113  -1]
[ -1 118  -1  -1]
[ 6  3  5 -1]
[10  8 -1 -1]
[13 11 -1 -1]
[35 33 -1 -1]
[38 36 -1 -1]
[52 49 51 -1]
[101  76  78  -1]
[105 103  -1  -1]
[125 122 124  -1]
[142 134 136  -1]
[31 29 -1 -1]
[45 43 -1 -1]
[93 87 89 -1]
[96 94 -1 -1]
[103 100 102  -1]
[106 103 105  -1]
[131 129  -1  -1]
[155 153  -1  -1]
[161 154 156  -1]
[13  8 10 -1]
[32 27 29 -1]
[42 40 -1 -1]
[78 76 -1 -1]
[83 80 82 -1]
[88 85 87 -1]
[90 88 -1 -1]
[96 94 -1 -1]
[99 95 97 -1]
[103  96 100  -1]
[116 114  -1  -1]
[152 128 130  -1]
[151 137 139 129]
[158 155 157  -1]
[175 172 174  -1]
[179 177  -1  -1]
[21 18 20 -1]
[29 27 -1 -1]
[34 31 33 -1]
[41 35 38 -1]
[45 41 43 -1]
[47 45 -1 -1]
[51 49 -1 -1]
[64 57 59 -1]
[109  92  94  -1]
[112 110  -1  -1]
[115 113  -1  -1]
[118 116  -1  -1]
[123 118 120  -1]
[147 145  -1  -1]
[152 150  -1  -1]
[172 170  -1  -1]
[184 182  -1  -1]
[186 184  -1  -1]
[251 195 197  -1]
[234 232  -1 196]
[ -1 249  -1 196]
[44 38 40 -1]
[56 51 53 -1]
[72 70 -1 -1]
[78 76 -1 -1]
[83 80 82 -1]
[86 83 85 -1]
[118 116  -1  -1]
[163 128 130  -1]
[162 160  -1 129]
[177 174 176  -1]
[183 181  -1  -1]
[186 182 184  -1]
[188 183 187  -1]
[198 194 196  -1]
[200 198  -1  -1]
[203 199 201  -1]
[206 200 204  -1]
[214 207 209  -1]
[225 222 224  -1]
[ -1 227 229  -1]
[99 59 61 -1]
[97 92 94 60]
[167 114 116  -1]
[130 128  -1 115]
[166 158 160 115]
[172 170  -1  -1]
[180 177 179  -1]
[ 7  5 -1 -1]
[21 19 -1 -1]
[56 52 54 -1]
[75 72 74 -1]
[122 117 119  -1]
[ -1 133 135  -1]
[34 32 -1 -1]
[54 52 -1 -1]
[64 62 -1 -1]
[67 65 -1 -1]
[84 82 -1 -1]
[91 87 89 -1]
[93 88 92 -1]
[97 95 -1 -1]
[119 100 102  -1]
[122 120  -1  -1]
[125 122 124  -1]
[148 146  -1  -1]
[152 149 151  -1]
[163 159 161  -1]
[55 53 -1 -1]
[81 79 -1 -1]
[99 96 98 -1]
[106 104  -1  -1]
[108 106  -1  -1]
[115 112 114  -1]
[75 71 73 -1]
[153 150 152  -1]
[66 49 51 -1]
[87 85 -1 -1]
[124 122  -1  -1]
[140 137 139  -1]
[10  7  9 -1]
[20 17 19 -1]
[63 56 58 -1]
[83 81 -1 -1]
[113 111  -1  -1]
[ -1 146  -1  -1]
[51 48 50 -1]
[57 55 -1 -1]
[70 67 69 -1]
[77 75 -1 -1]
[81 77 79 -1]
[124 122  -1  -1]
[136 131 133  -1]
[139 137  -1  -1]
[143 141  -1  -1]
[148 146  -1  -1]
[157 155  -1  -1]
[ -1 164  -1  -1]
[ 5  3 -1 -1]
[ 6  4 -1 -1]
[25 12 14 -1]
[29 27 -1 -1]
[60 44 46 -1]
[94 92 -1 -1]
[96 93 95 -1]
[20  3  5 -1]
[23  4 21 -1]
[26 24 -1 -1]
[28 25 27 -1]
[31 29 -1 -1]
[37 35 -1 -1]
[41 38 40 -1]
[45 43 -1 -1]
[52 49 51 -1]
[56 54 -1 -1]
[71 69 -1 -1]
[78 73 75 -1]
[96 93 95 -1]
[109 100 102  -1]
[128 126  -1  -1]
[140 137 139  -1]
[158 156  -1  -1]
[178 175 177  -1]
[198 176 179  -1]
[ -1 195 197 178]
[ -1 199 201  -1]
[ 4  1  3 -1]
[33 31 -1 -1]
[54 35 37 -1]
[44 42 -1 36]
[86 83 85 -1]
[105 102 104  -1]
[116 112 114  -1]
[131 121 123  -1]
[55 51 53 -1]
[63 59 62 -1]
[87 83 85 -1]
[113 111  -1  -1]
[123 121  -1  -1]
[137 135  -1  -1]
[159 157  -1  -1]
[187 182 184  -1]
[198 189 191  -1]
[212 200 202  -1]
[218 215 217  -1]
[226 216 219  -1]
[ -1 218 227  -1]
[ 4  2 -1 -1]
[17 15 -1 -1]
[20 17 19 -1]
[26 24 -1 -1]
[28 25 27 -1]
[41 38 40 -1]
[56 54 -1 -1]
[140 132 134  -1]
[187 184 186  -1]
[200 185 188  -1]
[89 87 -1 -1]
[151 145 147  -1]
[164 159 161  -1]
[182 174 176  -1]
[192 188 190  -1]
[198 194 196  -1]
[203 200 202  -1]
[209 203 205  -1]
[ 6  1  5 -1]
[18  6  8 -1]
[126 119 121  -1]
[257 253 255  -1]
[276 259 261  -1]
[294 289 291  -1]
[297 295  -1  -1]
[36 34 -1 -1]
[70 67 69 -1]
[104 102  -1  -1]
[110 108  -1  -1]
[132 118 120  -1]
[141 139  -1  -1]
[157 153 155  -1]
[166 162 164  -1]
[168 163 167  -1]
[178 166 169  -1]
[ -1 179 181  -1]
[190 188  -1 180]
[30 19 21 -1]
[22 -1 -1 20]
[26 24 -1 20]
[49 47 -1 -1]
[62 59 61 -1]
[70 67 -1 -1]
[71 69 -1 -1]
[80 74 76 -1]
[88 86 -1 -1]
[118 116  -1  -1]
[128 124 126  -1]
[166 164  -1  -1]
[168 165 167  -1]
[ -1 166 169  -1]
[ 5  3 -1 -1]
[ 6  4 -1 -1]
[ 7  5 -1 -1]
[12 10 -1 -1]
[24 15 17 -1]
[-1 21 23 16]
[25 16 -1 -1]
[30 28 -1 -1]
[39 36 38 -1]
[49 44 46 -1]
[57 50 52 -1]
[58 51 -1 -1]
[62 60 -1 -1]
[76 74 -1 -1]
[90 86 88 -1]
[107 103 105  -1]
[124 122  -1  -1]
[152 128 130  -1]
[151 149  -1 129]
[156 152 154  -1]
[163 161  -1  -1]
[172 165 167  -1]
[14 10 12 -1]
[20 16 18 -1]
[28 25 27 -1]
[56 53 55 -1]
[85 83 -1 -1]
[89 84 86 -1]
[98 96 -1 -1]
[106 101 103  -1]
[124 102 107  -1]
[122 120  -1 106]
[125 106  -1  -1]
[71 67 69 -1]
[104 102  -1  -1]
[114 105 107  -1]
[140 138  -1  -1]
[143 141  -1  -1]
[177 175  -1  -1]
[19 17 -1 -1]
[55 49 51 -1]
[65 57 59 -1]
[228 218 220  -1]
[ -1 264 293  -1]
[18 16 -1 -1]
[21 19 -1 -1]
[37 33 35 -1]
[42 39 41 -1]
[46 44 -1 -1]
[138 118 120  -1]
[128 126  -1 119]
[146 138 140  -1]
[207 157 159  -1]
[238 235 237  -1]
[241 239  -1  -1]
[270 268  -1  -1]
[271 269  -1  -1]
[276 270 272  -1]
[279 271 277  -1]
[ 8  6 -1 -1]
[ 9  7 -1 -1]
[28 25 27 -1]
[42 40 -1 -1]
[45 41 43 -1]
[64 62 -1 -1]
[73 71 -1 -1]
[83 79 81 -1]
[95 93 -1 -1]
[106 104  -1  -1]
[121 112 114  -1]
[204 184 186  -1]
[254 211 213  -1]
[278 271 273  -1]
[294 290 292  -1]
[343 340 342  -1]
[372 370  -1  -1]
[373 371  -1  -1]
[376 372 374  -1]
[27  6  8 -1]
[25 22 24  7]
[55 52 54 -1]
[62 58 60 -1]
[110 107 109  -1]
[119 117  -1  -1]
[135 132 134  -1]
[148 146  -1  -1]
[56 51 53 -1]
[69 66 68 -1]
[98 96 -1 -1]
[105 103  -1  -1]
[113 111  -1  -1]
[132 130  -1  -1]
[140 138  -1  -1]
[150 148  -1  -1]
[155 152 154  -1]
[ 3  1 -1 -1]
[19 16 18 -1]
[45 31 33 -1]
[57 50 52 -1]
[79 63 65 -1]
[107  81  83  -1]
[121 107 109  -1]
[116 114  -1 108]
[119 117  -1 108]
[12  8 10 -1]
[16 14 -1 -1]
[19 17 -1 -1]
[24 21 23 -1]
[27 22 25 -1]
[34 32 -1 -1]
[42 34 36 -1]
[44 42 -1 -1]
[49 44 46 -1]
[51 45 50 -1]
[69 67 -1 -1]
[71 69 -1 -1]
[74 72 -1 -1]
[80 76 78 -1]
[92 90 -1 -1]
[112 110  -1  -1]
[125 123  -1  -1]
[130 128  -1  -1]
[151 149  -1  -1]
[155 153  -1  -1]
[156 154  -1  -1]
[179 175 177  -1]
[181 179  -1  -1]
[183 181  -1  -1]
[184 182  -1  -1]
[ -1 186 188  -1]
[ 4  2 -1 -1]
[77 71 73 -1]
[371 369  -1  -1]
[423 401 403  -1]
[412 410  -1 402]
[453 450 452  -1]
[503 501  -1  -1]
[510 504 509  -1]
[519 514 517  -1]
[22  6  8 -1]
[48 31 33 -1]
[-1 46 -1 32]
[73 53 62 -1]
[99 80 82 -1]
[106 101 103  -1]
[121 102 107  -1]
[26  9 11 -1]
[23 21 -1 10]
[-1 24 -1 10]
[35 27 29 -1]
[57 38 40 -1]
[53 50 52 39]
[118 109 111  -1]
[58 29 31 -1]
[51 49 -1 30]
[56 53 55 30]
[67 64 66 -1]
[73 65 68 -1]
[104  88  90  -1]
[114 110 112  -1]
[127 111 115  -1]
[116  -1  -1 114]
[219 215 217  -1]
[369 351 353  -1]
[ 2  0 -1 -1]
[ 6  3  5 -1]
[16 14 -1 -1]
[21 16 18 -1]
[86 84 -1 -1]
[107 105  -1  -1]
[55 40 42 -1]
[89 87 -1 -1]
[136 129 131  -1]
[162 160  -1  -1]
[163 161  -1  -1]
[ -1 162  -1  -1]
[56 25 27 -1]
[50 47 49 26]
[54 52 -1 26]
[64 62 -1 -1]
[65 63 -1 -1]
[89 87 -1 -1]
[133 131  -1  -1]
[ -1 134  -1  -1]
[14 11 13 -1]
[22 20 -1 -1]
[27 21 23 -1]
[29 27 -1 -1]
[32 30 -1 -1]
[39 35 37 -1]
[40 36 -1 -1]
[43 41 -1 -1]
[60 58 -1 -1]
[62 59 61 -1]
[74 65 67 -1]
[102 100  -1  -1]
[108 104 106  -1]
[ 6  3  5 -1]
[11  8 10 -1]
[34 32 -1 -1]
[39 37 -1 -1]
[40 38 -1 -1]
[58 51 53 -1]
[64 62 -1 -1]
[ 9  7 -1 -1]
[38 34 36 -1]
[46 39 41 -1]
[60 48 50 -1]
[113 110 112  -1]
[118 115 117  -1]
[143 140 142  -1]
[156 154  -1  -1]
[164 161 163  -1]
[166 164  -1  -1]
[ -1 167  -1  -1]
[61 57 59 -1]
[87 84 86 -1]
[137 135  -1  -1]
[145 141 143  -1]
[150 148  -1  -1]
[151 149  -1  -1]
[ -1 150 152  -1]
[128 121 123  -1]
[145 143  -1  -1]
[ -1 155  -1  -1]
[138 136  -1  -1]
[80 75 77 -1]
[18 12 14 -1]
[39 21 23 -1]
[119 117  -1  -1]
[130 123 125  -1]
[ -1 138  -1  -1]
[199 196 198  -1]
[11  6  8 -1]
[52 49 51 -1]
[56 52 54 -1]
[62 60 -1 -1]
[65 61 63 -1]
[66 62 -1 -1]
[72 70 -1 -1]
[74 72 -1 -1]
[79 76 78 -1]
[109 107  -1  -1]
[ -1 128 137  -1]
[33 23 25 -1]
[75 39 41 -1]
[50 48 -1 40]
[74 63 65 40]
[91 83 85 -1]
[103 101  -1  -1]
[203 134 136  -1]
[ -1 144 146 135]
[197 195  -1 145]
[199 197  -1 145]
[213 210 212  -1]
[220 211 214  -1]
[17 15 -1 -1]
[60 53 55 -1]
[76 71 73 -1]
[93 72 77 -1]
[90 86 88 76]
[ -1 167 169  -1]
[ 3  0  2 -1]
[ 5  3 -1 -1]
[89 86 88 -1]
[110 100 102  -1]
[111 101  -1  -1]
[117 115  -1  -1]
[132 130  -1  -1]
[138 136  -1  -1]
[ -1 195 197  -1]
[ 1 -1 -1 -1]
[21 19 -1 -1]
[24 21 23 -1]
[52 50 -1 -1]
[55 53 -1 -1]
[64 62 -1 -1]
[80 78 -1 -1]
[81 79 -1 -1]
[92 89 91 -1]
[129 124 126  -1]
[139 137  -1  -1]
[151 140 142  -1]
[ -1 141 152  -1]
[39 37 -1 -1]
[67 63 65 -1]
[74 72 -1 -1]
[-1 75 77 -1]
[27 25 -1 -1]
[48 45 47 -1]
[63 59 61 -1]
[151 111 113  -1]
[13 11 -1 -1]
[25 23 -1 -1]
[46 32 34 -1]
[51 47 49 -1]
[88 85 87 -1]
[108 106  -1  -1]
[116 113 115  -1]
[119 117  -1  -1]
[154 124 126  -1]
[128 126  -1 125]
[144 142  -1 125]
[151 147 149 125]
[156 154  -1  -1]
[172 166 168  -1]
[178 176  -1  -1]
[182 179 181  -1]
[12  5  7 -1]
[18 16 -1 -1]
[19 17 -1 -1]
[32 28 30 -1]
[49 47 -1 -1]
[61 58 60 -1]
[70 68 -1 -1]
[97 95 -1 -1]
[99 97 -1 -1]
[113 111  -1  -1]
[193 143 145  -1]
[184 182  -1 144]
[186 184  -1 144]
[195 193  -1  -1]
[ -1 194  -1  -1]
[20 18 -1 -1]
[45 42 44 -1]
[50 48 -1 -1]
[91 80 82 -1]
[90 87 89 81]
[99 97 -1 -1]
[100  98  -1  -1]
[106 104  -1  -1]
[126 116 118  -1]
[132 129 131  -1]
[135 130 133  -1]
[151 132 136  -1]
[ -1 147 149 135]
[17 15 -1 -1]
[18 16 -1 -1]
[29 17 19 -1]
[109  90  92  -1]
[140 133 135  -1]
[175 170 172  -1]
[227 215 217  -1]
[ 5  3 -1 -1]
[12 10 -1 -1]
[33 29 31 -1]
[43 35 37 -1]
[45 43 -1 -1]
[48 46 -1 -1]
[122 119 121  -1]
[128 122 124  -1]
[155 149 151  -1]
[ 6  3  5 -1]
[18 16 -1 -1]
[23 19 21 -1]
[30 28 -1 -1]
[34 31 33 -1]
[35 32 -1 -1]
[57 41 43 -1]
[55 53 -1 42]
[63 58 60 -1]
[65 63 -1 -1]
[73 68 70 -1]
[109  83  85  -1]
[15 13 -1 -1]
[30 25 27 -1]
[38 36 -1 -1]
[46 43 45 -1]
[57 54 56 -1]
[69 67 -1 -1]
[129 125 127  -1]
[136 126 130  -1]
[191 184 186  -1]
[198 185 192  -1]
[197 195  -1 191]
[228 212 214  -1]
[ -1 229 231  -1]
[50 48 -1 -1]
[65 63 -1 -1]
[77 74 76 -1]
[87 85 -1 -1]
[92 90 -1 -1]
[96 93 95 -1]
[102 100  -1  -1]
[112 110  -1  -1]
[150 125 127  -1]
[137 134 136 126]
[149 146 148 126]
[155 153  -1  -1]
[171 169  -1  -1]
[ -1 186 188  -1]
[64 62 -1 -1]
[89 67 69 -1]
[125 111 113  -1]
[134 132  -1  -1]
[151 148 150  -1]
[159 152 154  -1]
[174 172  -1  -1]
[13  6  8 -1]
[16 14 -1 -1]
[140 132 134  -1]
[139 137  -1 133]
[151 149  -1  -1]
[ -1 187  -1  -1]
[11  3  5 -1]
[38 30 32 -1]
[-1 36 -1 31]
[80 78 -1 -1]
[101  99  -1  -1]
[103 100 102  -1]
[114 112  -1  -1]
[146 144  -1  -1]
[173 171  -1  -1]
[179 177  -1  -1]
[183 181  -1  -1]
[202 198 200  -1]
[203 199  -1  -1]
[206 204  -1  -1]
[208 206  -1  -1]
[210 207 209  -1]
[213 211  -1  -1]
[ 2  0 -1 -1]
[10  6  8 -1]
[22 18 20 -1]
[24 22 -1 -1]
[37 32 34 -1]
[57 53 55 -1]
[63 58 60 -1]
[96 92 94 -1]
[106 102 104  -1]
[123 114 116  -1]
[128 124 126  -1]
[138 132 134  -1]
[185 165 167  -1]
[243 187 189  -1]
[234 232  -1 188]
[ -1 245 247  -1]
[ 3  1 -1 -1]
[ 4  2 -1 -1]
[ 8  5  7 -1]
[20 16 18 -1]
[47 25 27 -1]
[44 39 41 26]
[49 47 -1 -1]
[50 48 -1 -1]
[73 71 -1 -1]
[100  97  99  -1]
[133 123 125  -1]
[155 137 139  -1]
[ -1 153  -1 138]
[172 163 165  -1]
[439 435 437  -1]
[441 439  -1  -1]
[447 445  -1  -1]
[449 446 448  -1]
[ -1 447 450  -1]
[26 24 -1 -1]
[33 30 32 -1]
[70 43 45 -1]
[94 82 84 -1]
[110 104 106  -1]
[121 114 116  -1]
[218 215 217  -1]
[331 257 259  -1]
[13  6  8 -1]
[18 13 15 -1]
[23 14 19 -1]
[42 29 31 -1]
[55 53 -1 -1]
[62 54 56 -1]
[-1 60 -1 55]
[79 77 -1 -1]
[81 79 -1 -1]
[115 110 112  -1]
[119 111 116  -1]
[125 119 121  -1]
[129 127  -1  -1]
[130 128  -1  -1]
[153 133 135  -1]
[162 134 154  -1]
[169 167  -1  -1]
[205 171 173  -1]
[203 199 201 172]
[20 18 -1 -1]
[79 70 72 -1]
[109  91  93  -1]
[115  92 110  -1]
[129 109 116  -1]
[135 129 131  -1]
[ 5  1  3 -1]
[ 8  2  6 -1]
[22 20 -1 -1]
[39 37 -1 -1]
[-1 40 -1 -1]
[133 128 130  -1]
[216 214  -1  -1]
[253 247 249  -1]
[329 327  -1  -1]
[345 343  -1  -1]
[350 346 348  -1]
[356 350 352  -1]
[362 360  -1  -1]
[366 364  -1  -1]
[372 368 370  -1]
[380 373 375  -1]
[382 374 381  -1]
[383 380  -1  -1]
[20 18 -1 -1]
[25 22 24 -1]
[103  89  91  -1]
[468 466  -1  -1]
[16 12 14 -1]
[43 41 -1 -1]
[64 62 -1 -1]
[66 64 -1 -1]
[69 66 68 -1]
[94 89 91 -1]
[104 102  -1  -1]
[124 121 123  -1]
[160 158  -1  -1]
[161 159  -1  -1]
[ -1 163  -1  -1]
[ 7  5 -1 -1]
[ 9  7 -1 -1]
[25 22 24 -1]
[55 48 50 -1]
[75 69 71 -1]
[79 77 -1 -1]
[108 104 106  -1]
[123 121  -1  -1]
[140 137 139  -1]
[166 162 164  -1]
[175 170 172  -1]
[191 185 187  -1]
[11 -1  1 -1]
[17 14 -1 -1]
[22 19 21 -1]
[56 39 41 -1]
[85 68 70 -1]
[118 116  -1  -1]
[124 122  -1  -1]
[97 92 94 -1]
[153 123 125  -1]
[149 147  -1 124]
[180 177 179  -1]
[205 185 187  -1]
[220 213 215  -1]
[223 220 222  -1]
[225 221 224  -1]
[247 241 243  -1]
[259 250 252  -1]
[260 251  -1  -1]
[ -1 259 261  -1]
[123 117 119  -1]
[215 199 201  -1]
[239 234 236  -1]
[ -1 291 293  -1]
[13 11 -1 -1]
[19 16 18 -1]
[40 34 36 -1]
[56 52 54 -1]
[92 88 90 -1]
[239 237  -1  -1]
[ -1 470 472  -1]
[36 34 -1 -1]
[43 41 -1 -1]
[50 47 49 -1]
[54 52 -1 -1]
[60 56 58 -1]
[73 64 66 -1]
[82 76 78 -1]
[83 77 -1 -1]
[110 108  -1  -1]
[114 112  -1  -1]
[116 114  -1  -1]
[124 122  -1  -1]
[133 131  -1  -1]
[149 147  -1  -1]
[154 151 153  -1]
[158 154 156  -1]
[187 185  -1  -1]
[189 187  -1  -1]
[195 192 194  -1]
[201 199  -1  -1]
[205 203  -1  -1]
[ 3  0  2 -1]
[ 4  1 -1 -1]
[32 20 22 -1]
[26 24 -1 21]
[141 117 119  -1]
[136 134  -1 118]
[202 173 175  -1]
[ 7  5 -1 -1]
[17 11 13 -1]
[20 17 19 -1]
[22 20 -1 -1]
[23 21 -1 -1]
[30 28 -1 -1]
[77 61 63 -1]
[88 86 -1 -1]
[91 88 90 -1]
[93 91 -1 -1]
[ -1  99 101  -1]
[17 14 16 -1]
[43 41 -1 -1]
[49 47 -1 -1]
[55 53 -1 -1]
[59 57 -1 -1]
[64 59 61 -1]
[67 60 65 -1]
[72 70 -1 -1]
[83 81 -1 -1]
[88 83 85 -1]
[90 88 -1 -1]
[92 89 91 -1]
[-1 93 95 -1]
[97 95 -1 94]
[16 14 -1 -1]
[25 23 -1 -1]
[36 31 33 -1]
[66 53 55 -1]
[ 4  2 -1 -1]
[ 7  4  6 -1]
[16 13 15 -1]
[29 14 17 -1]
[88 78 80 -1]
[96 92 94 -1]
[98 96 -1 -1]
[109 107  -1  -1]
[17 14 16 -1]
[31 29 -1 -1]
[42 38 40 -1]
[84 82 -1 -1]
[90 87 89 -1]
[112 108 110  -1]
[115 112 114  -1]
[ 9  7 -1 -1]
[13 11 -1 -1]
[17 13 15 -1]
[26 24 -1 -1]
[75 70 72 -1]
[83 80 82 -1]
[115 113  -1  -1]
[156 154  -1  -1]
[169 156 158  -1]
[18 16 -1 -1]
[45 43 -1 -1]
[46 44 -1 -1]
[58 52 54 -1]
[66 63 65 -1]
[80 77 79 -1]
[85 83 -1 -1]
[91 87 89 -1]
[104 100 102  -1]
[115 113  -1  -1]
[117 114 116  -1]
[ 5  3 -1 -1]
[14  8 10 -1]
[21 19 -1 -1]
[51 29 31 -1]
[36 34 -1 30]
[55 53 -1 -1]
[70 68 -1 -1]
[73 71 -1 -1]
[75 73 -1 -1]
[77 75 -1 -1]
[87 85 -1 -1]
[10  8 -1 -1]
[62 58 60 -1]
[123 121  -1  -1]
[134 132  -1  -1]
[50 48 -1 -1]
[55 53 -1 -1]
[69 67 -1 -1]
[80 75 77 -1]
[104 100 102  -1]
[106 104  -1  -1]
[124 122  -1  -1]
[129 127  -1  -1]
[151 149  -1  -1]
[169 167  -1  -1]
[178 170 172  -1]
[179 171  -1  -1]
[187 185  -1  -1]
[85 83 -1 -1]
[87 84 86 -1]
[97 94 96 -1]
[110 107 109  -1]
[112 110  -1  -1]
[115 112 114  -1]
[120 118  -1  -1]
[ -1 120 122  -1]
[ 2 -1  1 -1]
[ 8  5  7 -1]
[10  8 -1 -1]
[26 21 -1 -1]
[61 57 59 -1]
[69 66 68 -1]
[81 78 80 -1]
[100  98  -1  -1]
[128 126  -1  -1]
[133 131  -1  -1]
[155 153  -1  -1]
[15 13 -1 -1]
[69 62 64 -1]
[97 95 -1 -1]
[103 101  -1  -1]
[104 102  -1  -1]
[109 106 108  -1]
[112 110  -1  -1]
[114 111 113  -1]
[117 112 115  -1]
[122 119 121  -1]
[124 120 123  -1]
[ -1 124  -1  -1]
[35 22 24 -1]
[33 31 -1 23]
[44 40 42 -1]
[76 71 73 -1]
[121 119  -1  -1]
[135 131 133  -1]
[ 7  2  4 -1]
[ 9  7 -1 -1]
[18  8 10 -1]
[21  9 19 -1]
[26 21 23 -1]
[29 26 28 -1]
[32 29 31 -1]
[34 32 -1 -1]
[40 36 38 -1]
[47 45 -1 -1]
[49 46 48 -1]
[93 52 54 -1]
[63 61 -1 53]
[76 74 -1 53]
[-1 53 -1 -1]
[10  6  8 -1]
[21 10 12 -1]
[28 25 27 -1]
[56 40 42 -1]
[69 67 -1 -1]
[106 104  -1  -1]
[174 105 107  -1]
[181 179  -1  -1]
[190 180 182  -1]
[194 181 191  -1]
[ -1 190 195  -1]
[73 71 -1 -1]
[93 90 92 -1]
[135 132 134  -1]
[ -1 139 141  -1]
[24 22 -1 -1]
[46 44 -1 -1]
[ 1 -1 -1 -1]
[34 28 30 -1]
[54 51 53 -1]
[37 34 36 -1]
[56 48 50 -1]
[77 75 -1 -1]
[107  96  98  -1]
[112  97 108  -1]
[132 113 115  -1]
[135 114 133  -1]
[140 135 137  -1]
[ -1 136 141  -1]
[448 301 303  -1]
[22 20 -1 -1]
[51 24 26 -1]
[53 25 52 -1]
[57 53 55 -1]
[71 54 58 -1]
[-1 69 -1 57]
[18 16 -1 -1]
[19 17 -1 -1]
[28 22 24 -1]
[34 23 29 -1]
[51 45 47 -1]
[60 53 55 -1]
[67 63 65 -1]
[85 83 -1 -1]
[100  90  92  -1]
[101  91  -1  -1]
[106 104  -1  -1]
[147 143 145  -1]
[112 110  -1  -1]
[117 115  -1  -1]
[142 136 138  -1]
[153 149 151  -1]
[160 158  -1  -1]
[203 201  -1  -1]
[205 203  -1  -1]
[215 213  -1  -1]
[260 257 259  -1]
[ 6  3 -1 -1]
[ 7  5 -1 -1]
[16 11 13 -1]
[40 37 39 -1]
[78 71 73 -1]
[96 94 -1 -1]
[11  9 -1 -1]
[16 12 15 -1]
[45 40 42 -1]
[83 41 46 -1]
[77 74 76 45]
[140 129 131  -1]
[ -1 130 141  -1]
[15 13 -1 -1]
[19 17 -1 -1]
[27 25 -1 -1]
[38 34 36 -1]
[59 53 55 -1]
[74 71 73 -1]
[78 72 75 -1]
[164 104 106  -1]
[139 137  -1 105]
[182 180  -1  -1]
[188 186  -1  -1]
[173 171  -1  -1]
[197 195  -1  -1]
[213 211  -1  -1]
[224 219 221  -1]
[ -1 224 226  -1]
[ 8  1  3 -1]
[49 46 48 -1]
[58 54 56 -1]
[68 65 67 -1]
[83 81 -1 -1]
[96 92 94 -1]
[109 106 108  -1]
[ 2 -1  1 -1]
[10  8 -1 -1]
[32 29 31 -1]
[45 30 33 -1]
[43 41 -1 32]
[57 45 47 -1]
[67 65 -1 -1]
[93 77 79 -1]
[115  93  95  -1]
[140 127 129  -1]
[47 45 -1 -1]
[65 63 -1 -1]
[78 76 -1 -1]
[80 78 -1 -1]
[85 82 84 -1]
[95 93 -1 -1]
[105 103  -1  -1]
[110 108  -1  -1]
[121 109 111  -1]
[126 121 123  -1]
[ -1 126  -1  -1]
[34 31 33 -1]
[42 40 -1 -1]
[50 48 -1 -1]
[56 54 -1 -1]
[60 58 -1 -1]
[75 72 74 -1]
[91 85 87 -1]
[135 133  -1  -1]
[ -1 136  -1  -1]
[ 6  2  4 -1]
[13  9 11 -1]
[25 19 21 -1]
[29 20 26 -1]
[52 50 -1 -1]
[54 52 -1 -1]
[62 56 58 -1]
[71 64 66 -1]
[76 73 75 -1]
[84 81 83 -1]
[110 108  -1  -1]
[116 112 114  -1]
[119 117  -1  -1]
[170 145 147  -1]
[188 185 187  -1]
[77 69 71 -1]
[86 83 85 -1]
[106 103 105  -1]
[130 113 115  -1]
[117 115  -1 114]
[120 118  -1 114]
[144 134 136  -1]
[159 157  -1  -1]
[185 176 178  -1]
[187 185  -1  -1]
[190 186 188  -1]
[46 19 21 -1]
[49 13 15 -1]
[37 35 -1 14]
[108  77  79  -1]
[104 102  -1  78]
[69 64 66 -1]
[71 65 70 -1]
[95 91 93 -1]
[101  99  -1  -1]
[125 107 109  -1]
[164 154 156  -1]
[169 164 166  -1]
[243 174 176  -1]
[238 230 232 175]
[246 243 245  -1]
[ -1 252 254  -1]
[60 58 -1 -1]
[91 68 70 -1]
[83 81 -1 69]
[ -1 133  -1  -1]
[11  9 -1 -1]
[27 18 20 -1]
[45 43 -1 -1]
[50 48 -1 -1]
[105  94  96  -1]
[117 115  -1  -1]
[145 142 144  -1]
[ 8  6 -1 -1]
[52 47 49 -1]
[185 183  -1  -1]
[193 191  -1  -1]
[202 196 198  -1]
[204 197 203  -1]
[ -1 210  -1  -1]
[26 19 21 -1]
[54 52 -1 -1]
[65 63 -1 -1]
[100  96  98  -1]
[ 1 -1 -1 -1]
[11  8 10 -1]
[22 16 18 -1]
[40 36 38 -1]
[63 60 62 -1]
[64 61 -1 -1]
[69 66 68 -1]
[76 74 -1 -1]
[85 83 -1 -1]
[89 86 -1 -1]
[93 91 -1 -1]
[110  96  98  -1]
[ -1  97 111  -1]
[26 20 22 -1]
[101  58  -1  -1]
[37 34 36 -1]
[55 53 -1 -1]
[67 63 65 -1]
[138 133 135  -1]
[ -1 142 144  -1]
[23 21 -1 -1]
[59 57 -1 -1]
[76 74 -1 -1]
[102 100  -1  -1]
[10  7  9 -1]
[35 24 26 -1]
[34 31 33 25]
[-1 36 64 -1]
[90 88 -1 63]
[122 120  -1  63]
[40 31 33 -1]
[60 32 41 -1]
[-1 57 59 40]
[61 40 -1 -1]
[62 60 -1 -1]
[159 156 158  -1]
[30 11 13 -1]
[ 5  2  4 -1]
[71 52 55 -1]
[142 132 134  -1]
[147 133 143  -1]
[151 142 148  -1]
[155 151 153  -1]
[10  6  8 -1]
[14  7 11 -1]
[15 10 -1 -1]
[22 15 17 -1]
[28 26 -1 -1]
[141 138 140  -1]
[11  9 -1 -1]
[17 13 15 -1]
[25 18 20 -1]
[49 26 28 -1]
[48 44 46 27]
[62 57 59 -1]
[68 58 63 -1]
[75 62 69 -1]
[-1 75 77 -1]
[ 8  6 -1 -1]
[ 8  6 -1 -1]
[10  7  9 -1]
[12 10 -1 -1]
[30 23 25 -1]
[36 34 -1 -1]
[41 37 39 -1]
[59 55 57 -1]
[92 84 86 -1]
[94 92 -1 -1]
[95 93 -1 -1]
[128 126  -1  -1]
[132 130  -1  -1]
[148 145 147  -1]
[155 148 150  -1]
[164 149 156  -1]
[165 155  -1  -1]
[166 164  -1  -1]
[ 8  6 -1 -1]
[35 32 34 -1]
[46 43 45 -1]
[49 47 -1 -1]
[54 51 53 -1]
[61 57 59 -1]
[63 61 -1 -1]
[92 73 75 -1]
[105 101 103  -1]
[108 106  -1  -1]
[112 110  -1  -1]
[116 113 115  -1]
[123 119 121  -1]
[132 130  -1  -1]
[ -1 132 134  -1]
[16 13 15 -1]
[25 20 22 -1]
[63 60 62 -1]
[89 87 -1 -1]
[98 92 94 -1]
[102 100  -1  -1]
[104 102  -1  -1]
[107 104 106  -1]
[112 110  -1  -1]
[114 111 113  -1]
[116 112 115  -1]
[127 122 124  -1]
[131 127 129  -1]
[140 134 136  -1]
[156 153 155  -1]
[10  7  9 -1]
[25 19 21 -1]
[54 35 37 -1]
[97 77 79 -1]
[99 97 -1 -1]
[147 144 146  -1]
[148 145  -1  -1]
[167 165  -1  -1]
[183 181  -1  -1]
[187 185  -1  -1]
[189 186 188  -1]
[191 187 190  -1]
[194 192  -1  -1]
[195 193  -1  -1]
[197 195  -1  -1]
[199 196 198  -1]
[ -1 199  -1  -1]
[12  6  8 -1]
[26 24 -1 -1]
[69 67 -1 -1]
[77 75 -1 -1]
[84 82 -1 -1]
[91 86 88 -1]
[94 92 -1 -1]
[103 101  -1  -1]
[106 104  -1  -1]
[168 166  -1  -1]
[175 172 174  -1]
[15 13 -1 -1]
[52 49 51 -1]
[70 68 -1 -1]
[78 75 77 -1]
[90 88 -1 -1]
[94 91 93 -1]
[106 102 104  -1]
[117 115  -1  -1]
[47 27 29 -1]
[45 43 -1 28]
[70 58 60 -1]
[87 75 77 -1]
[78 -1 -1 76]
[92 89 91 -1]
[100  98  -1  -1]
[169  99 101  -1]
[108 106  -1 100]
[110 108  -1 100]
[152 150  -1 100]
[ -1 161 163 100]
[177 175  -1  -1]
[199 196 198  -1]
[222 219 221  -1]
[ 7  3  5 -1]
[27 14 16 -1]
[34 31 33 -1]
[56 54 -1 -1]
[61 58 60 -1]
[94 92 -1 -1]
[26 24 -1 -1]
[28 26 -1 -1]
[35 31 33 -1]
[45 43 -1 -1]
[73 71 -1 -1]
[75 73 -1 -1]
[78 76 -1 -1]
[80 78 -1 -1]
[83 81 -1 -1]
[85 83 -1 -1]
[91 88 90 -1]
[98 96 -1 -1]
[101  98 100  -1]
[121  99 102  -1]
[117 115  -1 101]
[132 101 122  -1]
[305 303  -1  -1]
[19 16 18 -1]
[282 273 275  -1]
[15 11 13 -1]
[87 85 -1 -1]
[100  98  -1  -1]
[119 117  -1  -1]
[130 128  -1  -1]
[ -1 129 131  -1]
[145 140 142 130]
[10  8 -1 -1]
[43 41 -1 -1]
[47 42 44 -1]
[89 86 88 -1]
[92 90 -1 -1]
[94 92 -1 -1]
[97 94 96 -1]
[100  95  98  -1]
[115 113  -1  -1]
[ -1 117  -1  -1]
[ 8  3  5 -1]
[32 30 -1 -1]
[44 39 41 -1]
[72 70 -1 -1]
[124 120 122  -1]
[139 136 138  -1]
[ -1 137 140  -1]
[16 12 14 -1]
[-1 14 -1 13]
[22 19 21 -1]
[61 59 -1 -1]
[74 69 71 -1]
[95 93 -1 -1]
[110 108  -1  -1]
[35  7  9 -1]
[78 75 77 -1]
[84 82 -1 -1]
[86 84 -1 -1]
[112  93  95  -1]
[98 96 -1 94]
[105 103  -1  94]
[116 112 114  -1]
[142 139 141  -1]
[153 151  -1  -1]
[180 153 155  -1]
[178 176  -1 154]
[-1 47 49 -1]
[81 61 63 -1]
[11  5  7 -1]
[24 22 -1 -1]
[31 29 -1 -1]
[66 64 -1 -1]
[-1 74 76 -1]
[95 93 -1 75]
[107 105  -1  75]
[122 120  -1  75]
[10  8 -1 -1]
[20 18 -1 -1]
[32 29 31 -1]
[48 46 -1 -1]
[65 61 63 -1]
[75 73 -1 -1]
[-1 76 78 -1]
[11  9 -1 -1]
[21 18 20 -1]
[58 53 55 -1]
[10  8 -1 -1]
[12 10 -1 -1]
[43 41 -1 -1]
[121 119  -1  -1]
[21 18 20 -1]
[28 24 26 -1]
[29 25 -1 -1]
[36 31 33 -1]
[39 37 -1 -1]
[45 43 -1 -1]
[64 58 60 -1]
[66 64 -1 -1]
[69 67 -1 -1]
[109  99 101  -1]
[144 141 143  -1]
[41 39 -1 -1]
[51 46 48 -1]
[99 86 93 -1]
[100  92  -1  -1]
[105 103  -1  -1]
[107 105  -1  -1]
[136 130 132  -1]
[139 136 138  -1]
[141 139  -1  -1]
[ -1 147  -1  -1]
[13  9 11 -1]
[34 26 28 -1]
[44 41 43 -1]
[58 56 -1 -1]
[69 67 -1 -1]
[113 111  -1  -1]
[122 120  -1  -1]
[ 3 -1  1 -1]
[40 38 -1 -1]
[78 45 47 -1]
[53 51 -1 46]
[72 70 -1 46]
[80 78 -1 -1]
[95 93 -1 -1]
[100  98  -1  -1]
[105 101 103  -1]
[113 111  -1  -1]
[29 27 -1 -1]
[34 29 31 -1]
[49 38 40 -1]
[81 61 63 -1]
[77 74 76 62]
[80 77 79 62]
[103 101  -1  -1]
[109 105 107  -1]
[ -1 110  -1  -1]
[-1 22 24 -1]
[ 3  1 -1 -1]
[70 68 -1 -1]
[93 70 72 -1]
[99 97 -1 -1]
[-1  5  7 -1]
[11 -1  1 -1]
[ 2  0 -1 -1]
[11  8 10 -1]
[15 11 13 -1]
[-1 -1 -1 -1]
[35 31 33 -1]
[ 6  4 -1 -1]
[ 7  5 -1 -1]
[48 11 13 -1]
[-1 52 54 -1]
[16  9 11 -1]
[19 17 -1 -1]
[29 25 27 -1]
[11  7  9 -1]
[25 23 -1 -1]
[36 34 -1 -1]
[39 37 -1 -1]
[43 38 40 -1]
[45 43 -1 -1]
[46 44 -1 -1]
[49 47 -1 -1]
[ 2  0 -1 -1]
[50 46 48 -1]
[70 68 -1 -1]
[78 76 -1 -1]
[32 29 31 -1]
[34 32 -1 -1]
[46 44 -1 -1]
[34 32 -1 -1]
[13 11 -1 -1]
[33 30 32 -1]
[36 33 35 -1]
[46 44 -1 -1]
[-1 89 -1 -1]
[24 17 19 -1]
[27 18 25 -1]
[33 24 28 -1]
[41 27 34 -1]
[47 41 43 -1]
[52 49 51 -1]
[ 5  3 -1 -1]
[ 8  6 -1 -1]
[12 10 -1 -1]
[19 11 13 -1]
[54 32 34 -1]
[39 37 -1 33]
[-1 49 51 33]
[65 33 55 -1]
[57 55 -1 54]
[-1 66 68 -1]
[23 21 -1 -1]
[33 30 32 -1]
[41 39 -1 -1]
[55 48 50 -1]
[68 62 64 -1]
[78 63 69 -1]
[13 10 12 -1]
[54 39 41 -1]
[10  7  9 -1]
[101  98 100  -1]
[109 107  -1  -1]
[128 126  -1  -1]
[129 127  -1  -1]
[152 150  -1  -1]
[ -1 159  -1  -1]
[10  3  5 -1]
[27 19 21 -1]
[26 24 -1 20]
[33 31 -1 -1]
[44 35 38 -1]
[60 58 -1 -1]
[78 76 -1 -1]
[86 83 85 -1]
[94 92 -1 -1]
[12  9 11 -1]
[22 20 -1 -1]
[66 46 48 -1]
[-1 60 62 47]
[87 67 69 -1]
[-1 91 93 -1]
[47 16 18 -1]
[-1 45 -1 17]
[61 47 49 -1]
[-1 57 59 48]
[83 76 78 -1]
[89 87 -1 -1]
[102  88  90  -1]
[34  9 11 -1]
[19 17 -1 10]
[25 23 -1 10]
[45 42 44 -1]
[47 43 46 -1]
[-1 76 78 -1]
[-1 25 27 -1]
[34 32 -1 26]
[37 35 -1 26]
[82 78 80 -1]
[107 102 104  -1]
[15 12 14 -1]
[19 16 18 -1]
[24 21 23 -1]
[28 22 25 -1]
[30 28 -1 -1]
[44 41 43 -1]
[47 45 -1 -1]
[58 53 55 -1]
[ 3 -1  1 -1]
[25  6  8 -1]
[23 20 22  7]
[34 31 33 -1]
[-1 32 -1 -1]
[22 20 -1 -1]
[28 26 -1 -1]
[17 15 -1 -1]
[21 16 18 -1]
[37 34 36 -1]

